2014-12-19 07:36:08 [127.0.0.1][-][-][error][yii\base\ErrorException:8] exception 'yii\base\ErrorException' with message 'Undefined variable: info' in D:\web\weike\advanced\backend\views\config\model_shop.php:44
Stack trace:
#0 D:\web\weike\advanced\backend\views\config\model_shop.php(44): yii\base\ErrorHandler->handleError(8, 'Undefined varia...', 'D:\\web\\weike\\ad...', 44, Array)
#1 D:\web\weike\advanced\vendor\yiisoft\yii2\base\View.php(325): require('D:\\web\\weike\\ad...')
#2 D:\web\weike\advanced\vendor\yiisoft\yii2\base\View.php(247): yii\base\View->renderPhpFile('D:\\web\\weike\\ad...', Array)
#3 D:\web\weike\advanced\vendor\yiisoft\yii2\base\View.php(149): yii\base\View->renderFile('D:\\web\\weike\\ad...', Array, Object(backend\controllers\ConfigController))
#4 D:\web\weike\advanced\vendor\yiisoft\yii2\base\Controller.php(398): yii\base\View->render('model_shop', Array, Object(backend\controllers\ConfigController))
#5 D:\web\weike\advanced\backend\controllers\ConfigController.php(135): yii\base\Controller->renderPartial('model_shop')
#6 [internal function]: backend\controllers\ConfigController->actionModel_shop()
#7 D:\web\weike\advanced\vendor\yiisoft\yii2\base\InlineAction.php(55): call_user_func_array(Array, Array)
#8 D:\web\weike\advanced\vendor\yiisoft\yii2\base\Controller.php(151): yii\base\InlineAction->runWithParams(Array)
#9 D:\web\weike\advanced\vendor\yiisoft\yii2\base\Module.php(455): yii\base\Controller->runAction('model_shop', Array)
#10 D:\web\weike\advanced\vendor\yiisoft\yii2\web\Application.php(83): yii\base\Module->runAction('config/model_sh...', Array)
#11 D:\web\weike\advanced\vendor\yiisoft\yii2\base\Application.php(375): yii\web\Application->handleRequest(Object(yii\web\Request))
#12 D:\web\weike\advanced\backend\web\index.php(18): yii\base\Application->run()
#13 {main}
2014-12-19 07:36:08 [127.0.0.1][-][-][info][application] $_GET = [
    'r' => 'config/model_shop'
]

$_COOKIE = [
    '_csrf' => 'a1983cfa6794440bbd4560aa7e44a82566cc57b1f9012d8207a388f1bf653df1s:32:\"4na4DPA2XmujjciVzXxRyzegx2-Hn18Z\";'
]

$_SERVER = [
    'MIBDIRS' => 'D:/web/WAMP/php/extras/mibs'
    'MYSQL_HOME' => '\\xampp\\mysql\\bin'
    'OPENSSL_CONF' => 'D:/web/WAMP/apache/bin/openssl.cnf'
    'PHP_PEAR_SYSCONF_DIR' => '\\xampp\\php'
    'PHPRC' => '\\xampp\\php'
    'TMP' => '\\xampp\\tmp'
    'HTTP_HOST' => 'www.weike.com'
    'HTTP_CONNECTION' => 'keep-alive'
    'HTTP_ACCEPT' => 'text/html,application/xhtml+xml,application/xml;q=0.9,image/webp,*/*;q=0.8'
    'HTTP_USER_AGENT' => 'Mozilla/5.0 (Windows NT 6.1) AppleWebKit/537.36 (KHTML, like Gecko) Chrome/39.0.2171.65 Safari/537.36'
    'HTTP_REFERER' => 'http://www.weike.com/backend/web/index.php?r=config/model'
    'HTTP_ACCEPT_ENCODING' => 'gzip, deflate, sdch'
    'HTTP_ACCEPT_LANGUAGE' => 'zh-CN,zh;q=0.8'
    'HTTP_COOKIE' => '_csrf=a1983cfa6794440bbd4560aa7e44a82566cc57b1f9012d8207a388f1bf653df1s%3A32%3A%224na4DPA2XmujjciVzXxRyzegx2-Hn18Z%22%3B'
    'PATH' => 'C:\\ProgramData\\Oracle\\Java\\javapath;C:\\Program Files\\NVIDIA Corporation\\PhysX\\Common;C:\\Windows\\system32;C:\\Windows;C:\\Windows\\System32\\Wbem;C:\\Windows\\System32\\WindowsPowerShell\\v1.0\\;C:\\Program Files\\ATI Technologies\\ATI.ACE\\Core-Static;D:\\php\\Linux\\SVN瀹㈡风\\svn\\bin;%J;VA_HOME%\\bin;C:\\Program Files\\Java\\jdk1.8.0_25\\jre\\bin;D:\\php\\Linux\\git\\TG\\bin'
    'SystemRoot' => 'C:\\Windows'
    'COMSPEC' => 'C:\\Windows\\system32\\cmd.exe'
    'PATHEXT' => '.COM;.EXE;.BAT;.CMD;.VBS;.VBE;.JS;.JSE;.WSF;.WSH;.MSC'
    'WINDIR' => 'C:\\Windows'
    'SERVER_SIGNATURE' => '<address>Apache/2.4.10 (Win32) OpenSSL/1.0.1i PHP/5.6.3 Server at www.weike.com Port 80</address>
'
    'SERVER_SOFTWARE' => 'Apache/2.4.10 (Win32) OpenSSL/1.0.1i PHP/5.6.3'
    'SERVER_NAME' => 'www.weike.com'
    'SERVER_ADDR' => '127.0.0.1'
    'SERVER_PORT' => '80'
    'REMOTE_ADDR' => '127.0.0.1'
    'DOCUMENT_ROOT' => 'D:/web/weike/advanced'
    'REQUEST_SCHEME' => 'http'
    'CONTEXT_PREFIX' => ''
    'CONTEXT_DOCUMENT_ROOT' => 'D:/web/weike/advanced'
    'SERVER_ADMIN' => 'postmaster@localhost'
    'SCRIPT_FILENAME' => 'D:/web/weike/advanced/backend/web/index.php'
    'REMOTE_PORT' => '57257'
    'GATEWAY_INTERFACE' => 'CGI/1.1'
    'SERVER_PROTOCOL' => 'HTTP/1.1'
    'REQUEST_METHOD' => 'GET'
    'QUERY_STRING' => 'r=config/model_shop'
    'REQUEST_URI' => '/backend/web/index.php?r=config/model_shop'
    'SCRIPT_NAME' => '/backend/web/index.php'
    'PHP_SELF' => '/backend/web/index.php'
    'REQUEST_TIME_FLOAT' => 1418970968.739
    'REQUEST_TIME' => 1418970968
]
2014-12-19 07:55:53 [127.0.0.1][-][-][error][yii\db\Exception] exception 'PDOException' with message 'SQLSTATE[HY000] [2002] 由于目标计算机积极拒绝，无法连接。
' in D:\web\weike\advanced\vendor\yiisoft\yii2\db\Connection.php:579
Stack trace:
#0 D:\web\weike\advanced\vendor\yiisoft\yii2\db\Connection.php(579): PDO->__construct('mysql:host=192....', 'root', 'root', NULL)
#1 D:\web\weike\advanced\vendor\yiisoft\yii2\db\Connection.php(529): yii\db\Connection->createPdoInstance()
#2 D:\web\weike\advanced\vendor\yiisoft\yii2\db\Connection.php(836): yii\db\Connection->open()
#3 D:\web\weike\advanced\vendor\yiisoft\yii2\db\Connection.php(823): yii\db\Connection->getMasterPdo()
#4 D:\web\weike\advanced\vendor\yiisoft\yii2\db\Command.php(208): yii\db\Connection->getSlavePdo()
#5 D:\web\weike\advanced\vendor\yiisoft\yii2\db\Command.php(815): yii\db\Command->prepare(true)
#6 D:\web\weike\advanced\vendor\yiisoft\yii2\db\Command.php(376): yii\db\Command->queryInternal('fetchColumn', 0)
#7 D:\web\weike\advanced\vendor\yiisoft\yii2\db\Query.php(373): yii\db\Command->queryScalar()
#8 D:\web\weike\advanced\vendor\yiisoft\yii2\db\Query.php(280): yii\db\Query->queryScalar('COUNT(*)', NULL)
#9 D:\web\weike\advanced\backend\controllers\ModelController.php(50): yii\db\Query->count()
#10 [internal function]: backend\controllers\ModelController->actionSingle_task_list()
#11 D:\web\weike\advanced\vendor\yiisoft\yii2\base\InlineAction.php(55): call_user_func_array(Array, Array)
#12 D:\web\weike\advanced\vendor\yiisoft\yii2\base\Controller.php(151): yii\base\InlineAction->runWithParams(Array)
#13 D:\web\weike\advanced\vendor\yiisoft\yii2\base\Module.php(455): yii\base\Controller->runAction('single_task_lis...', Array)
#14 D:\web\weike\advanced\vendor\yiisoft\yii2\web\Application.php(83): yii\base\Module->runAction('model/single_ta...', Array)
#15 D:\web\weike\advanced\vendor\yiisoft\yii2\base\Application.php(375): yii\web\Application->handleRequest(Object(yii\web\Request))
#16 D:\web\weike\advanced\backend\web\index.php(18): yii\base\Application->run()
#17 {main}

Next exception 'yii\db\Exception' with message 'SQLSTATE[HY000] [2002] 由于目标计算机积极拒绝，无法连接。
' in D:\web\weike\advanced\vendor\yiisoft\yii2\db\Connection.php:534
Stack trace:
#0 D:\web\weike\advanced\vendor\yiisoft\yii2\db\Connection.php(836): yii\db\Connection->open()
#1 D:\web\weike\advanced\vendor\yiisoft\yii2\db\Connection.php(823): yii\db\Connection->getMasterPdo()
#2 D:\web\weike\advanced\vendor\yiisoft\yii2\db\Command.php(208): yii\db\Connection->getSlavePdo()
#3 D:\web\weike\advanced\vendor\yiisoft\yii2\db\Command.php(815): yii\db\Command->prepare(true)
#4 D:\web\weike\advanced\vendor\yiisoft\yii2\db\Command.php(376): yii\db\Command->queryInternal('fetchColumn', 0)
#5 D:\web\weike\advanced\vendor\yiisoft\yii2\db\Query.php(373): yii\db\Command->queryScalar()
#6 D:\web\weike\advanced\vendor\yiisoft\yii2\db\Query.php(280): yii\db\Query->queryScalar('COUNT(*)', NULL)
#7 D:\web\weike\advanced\backend\controllers\ModelController.php(50): yii\db\Query->count()
#8 [internal function]: backend\controllers\ModelController->actionSingle_task_list()
#9 D:\web\weike\advanced\vendor\yiisoft\yii2\base\InlineAction.php(55): call_user_func_array(Array, Array)
#10 D:\web\weike\advanced\vendor\yiisoft\yii2\base\Controller.php(151): yii\base\InlineAction->runWithParams(Array)
#11 D:\web\weike\advanced\vendor\yiisoft\yii2\base\Module.php(455): yii\base\Controller->runAction('single_task_lis...', Array)
#12 D:\web\weike\advanced\vendor\yiisoft\yii2\web\Application.php(83): yii\base\Module->runAction('model/single_ta...', Array)
#13 D:\web\weike\advanced\vendor\yiisoft\yii2\base\Application.php(375): yii\web\Application->handleRequest(Object(yii\web\Request))
#14 D:\web\weike\advanced\backend\web\index.php(18): yii\base\Application->run()
#15 {main}
Additional Information:

2014-12-19 07:55:52 [127.0.0.1][-][-][info][application] $_GET = [
    'r' => 'model/single_task_list'
    'tt' => '0.4938640696927905'
]

$_COOKIE = [
    '_csrf' => 'a1983cfa6794440bbd4560aa7e44a82566cc57b1f9012d8207a388f1bf653df1s:32:\"4na4DPA2XmujjciVzXxRyzegx2-Hn18Z\";'
]

$_SERVER = [
    'MIBDIRS' => 'D:/web/WAMP/php/extras/mibs'
    'MYSQL_HOME' => '\\xampp\\mysql\\bin'
    'OPENSSL_CONF' => 'D:/web/WAMP/apache/bin/openssl.cnf'
    'PHP_PEAR_SYSCONF_DIR' => '\\xampp\\php'
    'PHPRC' => '\\xampp\\php'
    'TMP' => '\\xampp\\tmp'
    'HTTP_HOST' => 'www.weike.com'
    'HTTP_CONNECTION' => 'keep-alive'
    'HTTP_ACCEPT' => 'text/html,application/xhtml+xml,application/xml;q=0.9,image/webp,*/*;q=0.8'
    'HTTP_USER_AGENT' => 'Mozilla/5.0 (Windows NT 6.1) AppleWebKit/537.36 (KHTML, like Gecko) Chrome/39.0.2171.65 Safari/537.36'
    'HTTP_REFERER' => 'http://www.weike.com/backend/web/'
    'HTTP_ACCEPT_ENCODING' => 'gzip, deflate, sdch'
    'HTTP_ACCEPT_LANGUAGE' => 'zh-CN,zh;q=0.8'
    'HTTP_COOKIE' => '_csrf=a1983cfa6794440bbd4560aa7e44a82566cc57b1f9012d8207a388f1bf653df1s%3A32%3A%224na4DPA2XmujjciVzXxRyzegx2-Hn18Z%22%3B'
    'PATH' => 'C:\\ProgramData\\Oracle\\Java\\javapath;C:\\Program Files\\NVIDIA Corporation\\PhysX\\Common;C:\\Windows\\system32;C:\\Windows;C:\\Windows\\System32\\Wbem;C:\\Windows\\System32\\WindowsPowerShell\\v1.0\\;C:\\Program Files\\ATI Technologies\\ATI.ACE\\Core-Static;D:\\php\\Linux\\SVN瀹㈡风\\svn\\bin;%J;VA_HOME%\\bin;C:\\Program Files\\Java\\jdk1.8.0_25\\jre\\bin;D:\\php\\Linux\\git\\TG\\bin'
    'SystemRoot' => 'C:\\Windows'
    'COMSPEC' => 'C:\\Windows\\system32\\cmd.exe'
    'PATHEXT' => '.COM;.EXE;.BAT;.CMD;.VBS;.VBE;.JS;.JSE;.WSF;.WSH;.MSC'
    'WINDIR' => 'C:\\Windows'
    'SERVER_SIGNATURE' => '<address>Apache/2.4.10 (Win32) OpenSSL/1.0.1i PHP/5.6.3 Server at www.weike.com Port 80</address>
'
    'SERVER_SOFTWARE' => 'Apache/2.4.10 (Win32) OpenSSL/1.0.1i PHP/5.6.3'
    'SERVER_NAME' => 'www.weike.com'
    'SERVER_ADDR' => '127.0.0.1'
    'SERVER_PORT' => '80'
    'REMOTE_ADDR' => '127.0.0.1'
    'DOCUMENT_ROOT' => 'D:/web/weike/advanced'
    'REQUEST_SCHEME' => 'http'
    'CONTEXT_PREFIX' => ''
    'CONTEXT_DOCUMENT_ROOT' => 'D:/web/weike/advanced'
    'SERVER_ADMIN' => 'postmaster@localhost'
    'SCRIPT_FILENAME' => 'D:/web/weike/advanced/backend/web/index.php'
    'REMOTE_PORT' => '58017'
    'GATEWAY_INTERFACE' => 'CGI/1.1'
    'SERVER_PROTOCOL' => 'HTTP/1.1'
    'REQUEST_METHOD' => 'GET'
    'QUERY_STRING' => 'r=model/single_task_list&tt=0.4938640696927905'
    'REQUEST_URI' => '/backend/web/index.php?r=model/single_task_list&tt=0.4938640696927905'
    'SCRIPT_NAME' => '/backend/web/index.php'
    'PHP_SELF' => '/backend/web/index.php'
    'REQUEST_TIME_FLOAT' => 1418972152.246
    'REQUEST_TIME' => 1418972152
]
2014-12-19 07:55:59 [127.0.0.1][-][-][error][yii\db\Exception] exception 'PDOException' with message 'SQLSTATE[HY000] [2002] 由于目标计算机积极拒绝，无法连接。
' in D:\web\weike\advanced\vendor\yiisoft\yii2\db\Connection.php:579
Stack trace:
#0 D:\web\weike\advanced\vendor\yiisoft\yii2\db\Connection.php(579): PDO->__construct('mysql:host=192....', 'root', 'root', NULL)
#1 D:\web\weike\advanced\vendor\yiisoft\yii2\db\Connection.php(529): yii\db\Connection->createPdoInstance()
#2 D:\web\weike\advanced\vendor\yiisoft\yii2\db\Connection.php(836): yii\db\Connection->open()
#3 D:\web\weike\advanced\vendor\yiisoft\yii2\db\Connection.php(823): yii\db\Connection->getMasterPdo()
#4 D:\web\weike\advanced\vendor\yiisoft\yii2\db\Schema.php(382): yii\db\Connection->getSlavePdo()
#5 D:\web\weike\advanced\vendor\yiisoft\yii2\db\Connection.php(732): yii\db\Schema->quoteValue('web')
#6 D:\web\weike\advanced\vendor\yiisoft\yii2\db\Command.php(164): yii\db\Connection->quoteValue('web')
#7 D:\web\weike\advanced\vendor\yiisoft\yii2\db\Command.php(791): yii\db\Command->getRawSql()
#8 D:\web\weike\advanced\vendor\yiisoft\yii2\db\Command.php(350): yii\db\Command->queryInternal('fetchAll', NULL)
#9 D:\web\weike\advanced\vendor\yiisoft\yii2\db\Query.php(206): yii\db\Command->queryAll()
#10 D:\web\weike\advanced\vendor\yiisoft\yii2\db\ActiveQuery.php(130): yii\db\Query->all(NULL)
#11 D:\web\weike\advanced\backend\controllers\ConfigController.php(53): yii\db\ActiveQuery->all()
#12 [internal function]: backend\controllers\ConfigController->actionQuanju()
#13 D:\web\weike\advanced\vendor\yiisoft\yii2\base\InlineAction.php(55): call_user_func_array(Array, Array)
#14 D:\web\weike\advanced\vendor\yiisoft\yii2\base\Controller.php(151): yii\base\InlineAction->runWithParams(Array)
#15 D:\web\weike\advanced\vendor\yiisoft\yii2\base\Module.php(455): yii\base\Controller->runAction('quanju', Array)
#16 D:\web\weike\advanced\vendor\yiisoft\yii2\web\Application.php(83): yii\base\Module->runAction('config/quanju', Array)
#17 D:\web\weike\advanced\vendor\yiisoft\yii2\base\Application.php(375): yii\web\Application->handleRequest(Object(yii\web\Request))
#18 D:\web\weike\advanced\backend\web\index.php(18): yii\base\Application->run()
#19 {main}

Next exception 'yii\db\Exception' with message 'SQLSTATE[HY000] [2002] 由于目标计算机积极拒绝，无法连接。
' in D:\web\weike\advanced\vendor\yiisoft\yii2\db\Connection.php:534
Stack trace:
#0 D:\web\weike\advanced\vendor\yiisoft\yii2\db\Connection.php(836): yii\db\Connection->open()
#1 D:\web\weike\advanced\vendor\yiisoft\yii2\db\Connection.php(823): yii\db\Connection->getMasterPdo()
#2 D:\web\weike\advanced\vendor\yiisoft\yii2\db\Schema.php(382): yii\db\Connection->getSlavePdo()
#3 D:\web\weike\advanced\vendor\yiisoft\yii2\db\Connection.php(732): yii\db\Schema->quoteValue('web')
#4 D:\web\weike\advanced\vendor\yiisoft\yii2\db\Command.php(164): yii\db\Connection->quoteValue('web')
#5 D:\web\weike\advanced\vendor\yiisoft\yii2\db\Command.php(791): yii\db\Command->getRawSql()
#6 D:\web\weike\advanced\vendor\yiisoft\yii2\db\Command.php(350): yii\db\Command->queryInternal('fetchAll', NULL)
#7 D:\web\weike\advanced\vendor\yiisoft\yii2\db\Query.php(206): yii\db\Command->queryAll()
#8 D:\web\weike\advanced\vendor\yiisoft\yii2\db\ActiveQuery.php(130): yii\db\Query->all(NULL)
#9 D:\web\weike\advanced\backend\controllers\ConfigController.php(53): yii\db\ActiveQuery->all()
#10 [internal function]: backend\controllers\ConfigController->actionQuanju()
#11 D:\web\weike\advanced\vendor\yiisoft\yii2\base\InlineAction.php(55): call_user_func_array(Array, Array)
#12 D:\web\weike\advanced\vendor\yiisoft\yii2\base\Controller.php(151): yii\base\InlineAction->runWithParams(Array)
#13 D:\web\weike\advanced\vendor\yiisoft\yii2\base\Module.php(455): yii\base\Controller->runAction('quanju', Array)
#14 D:\web\weike\advanced\vendor\yiisoft\yii2\web\Application.php(83): yii\base\Module->runAction('config/quanju', Array)
#15 D:\web\weike\advanced\vendor\yiisoft\yii2\base\Application.php(375): yii\web\Application->handleRequest(Object(yii\web\Request))
#16 D:\web\weike\advanced\backend\web\index.php(18): yii\base\Application->run()
#17 {main}
Additional Information:

2014-12-19 07:55:58 [127.0.0.1][-][-][info][application] $_GET = [
    'r' => 'config/quanju'
    'tt' => '0.3497757110744715'
]

$_COOKIE = [
    '_csrf' => 'a1983cfa6794440bbd4560aa7e44a82566cc57b1f9012d8207a388f1bf653df1s:32:\"4na4DPA2XmujjciVzXxRyzegx2-Hn18Z\";'
]

$_SERVER = [
    'MIBDIRS' => 'D:/web/WAMP/php/extras/mibs'
    'MYSQL_HOME' => '\\xampp\\mysql\\bin'
    'OPENSSL_CONF' => 'D:/web/WAMP/apache/bin/openssl.cnf'
    'PHP_PEAR_SYSCONF_DIR' => '\\xampp\\php'
    'PHPRC' => '\\xampp\\php'
    'TMP' => '\\xampp\\tmp'
    'HTTP_HOST' => 'www.weike.com'
    'HTTP_CONNECTION' => 'keep-alive'
    'HTTP_ACCEPT' => 'text/html,application/xhtml+xml,application/xml;q=0.9,image/webp,*/*;q=0.8'
    'HTTP_USER_AGENT' => 'Mozilla/5.0 (Windows NT 6.1) AppleWebKit/537.36 (KHTML, like Gecko) Chrome/39.0.2171.65 Safari/537.36'
    'HTTP_REFERER' => 'http://www.weike.com/backend/web/'
    'HTTP_ACCEPT_ENCODING' => 'gzip, deflate, sdch'
    'HTTP_ACCEPT_LANGUAGE' => 'zh-CN,zh;q=0.8'
    'HTTP_COOKIE' => '_csrf=a1983cfa6794440bbd4560aa7e44a82566cc57b1f9012d8207a388f1bf653df1s%3A32%3A%224na4DPA2XmujjciVzXxRyzegx2-Hn18Z%22%3B'
    'PATH' => 'C:\\ProgramData\\Oracle\\Java\\javapath;C:\\Program Files\\NVIDIA Corporation\\PhysX\\Common;C:\\Windows\\system32;C:\\Windows;C:\\Windows\\System32\\Wbem;C:\\Windows\\System32\\WindowsPowerShell\\v1.0\\;C:\\Program Files\\ATI Technologies\\ATI.ACE\\Core-Static;D:\\php\\Linux\\SVN瀹㈡风\\svn\\bin;%J;VA_HOME%\\bin;C:\\Program Files\\Java\\jdk1.8.0_25\\jre\\bin;D:\\php\\Linux\\git\\TG\\bin'
    'SystemRoot' => 'C:\\Windows'
    'COMSPEC' => 'C:\\Windows\\system32\\cmd.exe'
    'PATHEXT' => '.COM;.EXE;.BAT;.CMD;.VBS;.VBE;.JS;.JSE;.WSF;.WSH;.MSC'
    'WINDIR' => 'C:\\Windows'
    'SERVER_SIGNATURE' => '<address>Apache/2.4.10 (Win32) OpenSSL/1.0.1i PHP/5.6.3 Server at www.weike.com Port 80</address>
'
    'SERVER_SOFTWARE' => 'Apache/2.4.10 (Win32) OpenSSL/1.0.1i PHP/5.6.3'
    'SERVER_NAME' => 'www.weike.com'
    'SERVER_ADDR' => '127.0.0.1'
    'SERVER_PORT' => '80'
    'REMOTE_ADDR' => '127.0.0.1'
    'DOCUMENT_ROOT' => 'D:/web/weike/advanced'
    'REQUEST_SCHEME' => 'http'
    'CONTEXT_PREFIX' => ''
    'CONTEXT_DOCUMENT_ROOT' => 'D:/web/weike/advanced'
    'SERVER_ADMIN' => 'postmaster@localhost'
    'SCRIPT_FILENAME' => 'D:/web/weike/advanced/backend/web/index.php'
    'REMOTE_PORT' => '58020'
    'GATEWAY_INTERFACE' => 'CGI/1.1'
    'SERVER_PROTOCOL' => 'HTTP/1.1'
    'REQUEST_METHOD' => 'GET'
    'QUERY_STRING' => 'r=config/quanju&tt=0.3497757110744715'
    'REQUEST_URI' => '/backend/web/index.php?r=config/quanju&tt=0.3497757110744715'
    'SCRIPT_NAME' => '/backend/web/index.php'
    'PHP_SELF' => '/backend/web/index.php'
    'REQUEST_TIME_FLOAT' => 1418972158.659
    'REQUEST_TIME' => 1418972158
]
2014-12-19 08:09:00 [127.0.0.1][-][-][error][yii\db\Exception] exception 'PDOException' with message 'SQLSTATE[HY000] [2002] 由于连接方在一段时间后没有正确答复或连接的主机没有反应，连接尝试失败。
' in D:\web\weike\advanced\vendor\yiisoft\yii2\db\Connection.php:579
Stack trace:
#0 D:\web\weike\advanced\vendor\yiisoft\yii2\db\Connection.php(579): PDO->__construct('mysql:host=192....', 'root', 'root', NULL)
#1 D:\web\weike\advanced\vendor\yiisoft\yii2\db\Connection.php(529): yii\db\Connection->createPdoInstance()
#2 D:\web\weike\advanced\vendor\yiisoft\yii2\db\Connection.php(836): yii\db\Connection->open()
#3 D:\web\weike\advanced\vendor\yiisoft\yii2\db\Connection.php(823): yii\db\Connection->getMasterPdo()
#4 D:\web\weike\advanced\vendor\yiisoft\yii2\db\Command.php(208): yii\db\Connection->getSlavePdo()
#5 D:\web\weike\advanced\vendor\yiisoft\yii2\db\Command.php(815): yii\db\Command->prepare(true)
#6 D:\web\weike\advanced\vendor\yiisoft\yii2\db\Command.php(350): yii\db\Command->queryInternal('fetchAll', NULL)
#7 D:\web\weike\advanced\vendor\yiisoft\yii2\db\Query.php(206): yii\db\Command->queryAll()
#8 D:\web\weike\advanced\vendor\yiisoft\yii2\db\ActiveQuery.php(130): yii\db\Query->all(NULL)
#9 D:\web\weike\advanced\backend\controllers\ConfigController.php(146): yii\db\ActiveQuery->all()
#10 [internal function]: backend\controllers\ConfigController->actionNav()
#11 D:\web\weike\advanced\vendor\yiisoft\yii2\base\InlineAction.php(55): call_user_func_array(Array, Array)
#12 D:\web\weike\advanced\vendor\yiisoft\yii2\base\Controller.php(151): yii\base\InlineAction->runWithParams(Array)
#13 D:\web\weike\advanced\vendor\yiisoft\yii2\base\Module.php(455): yii\base\Controller->runAction('nav', Array)
#14 D:\web\weike\advanced\vendor\yiisoft\yii2\web\Application.php(83): yii\base\Module->runAction('config/nav', Array)
#15 D:\web\weike\advanced\vendor\yiisoft\yii2\base\Application.php(375): yii\web\Application->handleRequest(Object(yii\web\Request))
#16 D:\web\weike\advanced\backend\web\index.php(18): yii\base\Application->run()
#17 {main}

Next exception 'yii\db\Exception' with message 'SQLSTATE[HY000] [2002] 由于连接方在一段时间后没有正确答复或连接的主机没有反应，连接尝试失败。
' in D:\web\weike\advanced\vendor\yiisoft\yii2\db\Connection.php:534
Stack trace:
#0 D:\web\weike\advanced\vendor\yiisoft\yii2\db\Connection.php(836): yii\db\Connection->open()
#1 D:\web\weike\advanced\vendor\yiisoft\yii2\db\Connection.php(823): yii\db\Connection->getMasterPdo()
#2 D:\web\weike\advanced\vendor\yiisoft\yii2\db\Command.php(208): yii\db\Connection->getSlavePdo()
#3 D:\web\weike\advanced\vendor\yiisoft\yii2\db\Command.php(815): yii\db\Command->prepare(true)
#4 D:\web\weike\advanced\vendor\yiisoft\yii2\db\Command.php(350): yii\db\Command->queryInternal('fetchAll', NULL)
#5 D:\web\weike\advanced\vendor\yiisoft\yii2\db\Query.php(206): yii\db\Command->queryAll()
#6 D:\web\weike\advanced\vendor\yiisoft\yii2\db\ActiveQuery.php(130): yii\db\Query->all(NULL)
#7 D:\web\weike\advanced\backend\controllers\ConfigController.php(146): yii\db\ActiveQuery->all()
#8 [internal function]: backend\controllers\ConfigController->actionNav()
#9 D:\web\weike\advanced\vendor\yiisoft\yii2\base\InlineAction.php(55): call_user_func_array(Array, Array)
#10 D:\web\weike\advanced\vendor\yiisoft\yii2\base\Controller.php(151): yii\base\InlineAction->runWithParams(Array)
#11 D:\web\weike\advanced\vendor\yiisoft\yii2\base\Module.php(455): yii\base\Controller->runAction('nav', Array)
#12 D:\web\weike\advanced\vendor\yiisoft\yii2\web\Application.php(83): yii\base\Module->runAction('config/nav', Array)
#13 D:\web\weike\advanced\vendor\yiisoft\yii2\base\Application.php(375): yii\web\Application->handleRequest(Object(yii\web\Request))
#14 D:\web\weike\advanced\backend\web\index.php(18): yii\base\Application->run()
#15 {main}
Additional Information:

2014-12-19 08:08:39 [127.0.0.1][-][-][info][application] $_GET = [
    'r' => 'config/nav'
]

$_COOKIE = [
    '_csrf' => 'a1983cfa6794440bbd4560aa7e44a82566cc57b1f9012d8207a388f1bf653df1s:32:\"4na4DPA2XmujjciVzXxRyzegx2-Hn18Z\";'
]

$_SERVER = [
    'MIBDIRS' => 'D:/web/WAMP/php/extras/mibs'
    'MYSQL_HOME' => '\\xampp\\mysql\\bin'
    'OPENSSL_CONF' => 'D:/web/WAMP/apache/bin/openssl.cnf'
    'PHP_PEAR_SYSCONF_DIR' => '\\xampp\\php'
    'PHPRC' => '\\xampp\\php'
    'TMP' => '\\xampp\\tmp'
    'HTTP_HOST' => 'www.weike.com'
    'HTTP_CONNECTION' => 'keep-alive'
    'HTTP_ACCEPT' => 'text/html,application/xhtml+xml,application/xml;q=0.9,image/webp,*/*;q=0.8'
    'HTTP_USER_AGENT' => 'Mozilla/5.0 (Windows NT 6.1) AppleWebKit/537.36 (KHTML, like Gecko) Chrome/39.0.2171.65 Safari/537.36'
    'HTTP_REFERER' => 'http://www.weike.com/backend/web/'
    'HTTP_ACCEPT_ENCODING' => 'gzip, deflate, sdch'
    'HTTP_ACCEPT_LANGUAGE' => 'zh-CN,zh;q=0.8'
    'HTTP_COOKIE' => '_csrf=a1983cfa6794440bbd4560aa7e44a82566cc57b1f9012d8207a388f1bf653df1s%3A32%3A%224na4DPA2XmujjciVzXxRyzegx2-Hn18Z%22%3B'
    'PATH' => 'C:\\ProgramData\\Oracle\\Java\\javapath;C:\\Program Files\\NVIDIA Corporation\\PhysX\\Common;C:\\Windows\\system32;C:\\Windows;C:\\Windows\\System32\\Wbem;C:\\Windows\\System32\\WindowsPowerShell\\v1.0\\;C:\\Program Files\\ATI Technologies\\ATI.ACE\\Core-Static;D:\\php\\Linux\\SVN瀹㈡风\\svn\\bin;%J;VA_HOME%\\bin;C:\\Program Files\\Java\\jdk1.8.0_25\\jre\\bin;D:\\php\\Linux\\git\\TG\\bin'
    'SystemRoot' => 'C:\\Windows'
    'COMSPEC' => 'C:\\Windows\\system32\\cmd.exe'
    'PATHEXT' => '.COM;.EXE;.BAT;.CMD;.VBS;.VBE;.JS;.JSE;.WSF;.WSH;.MSC'
    'WINDIR' => 'C:\\Windows'
    'SERVER_SIGNATURE' => '<address>Apache/2.4.10 (Win32) OpenSSL/1.0.1i PHP/5.6.3 Server at www.weike.com Port 80</address>
'
    'SERVER_SOFTWARE' => 'Apache/2.4.10 (Win32) OpenSSL/1.0.1i PHP/5.6.3'
    'SERVER_NAME' => 'www.weike.com'
    'SERVER_ADDR' => '127.0.0.1'
    'SERVER_PORT' => '80'
    'REMOTE_ADDR' => '127.0.0.1'
    'DOCUMENT_ROOT' => 'D:/web/weike/advanced'
    'REQUEST_SCHEME' => 'http'
    'CONTEXT_PREFIX' => ''
    'CONTEXT_DOCUMENT_ROOT' => 'D:/web/weike/advanced'
    'SERVER_ADMIN' => 'postmaster@localhost'
    'SCRIPT_FILENAME' => 'D:/web/weike/advanced/backend/web/index.php'
    'REMOTE_PORT' => '58142'
    'GATEWAY_INTERFACE' => 'CGI/1.1'
    'SERVER_PROTOCOL' => 'HTTP/1.1'
    'REQUEST_METHOD' => 'GET'
    'QUERY_STRING' => 'r=config/nav'
    'REQUEST_URI' => '/backend/web/index.php?r=config/nav'
    'SCRIPT_NAME' => '/backend/web/index.php'
    'PHP_SELF' => '/backend/web/index.php'
    'REQUEST_TIME_FLOAT' => 1418972919.314
    'REQUEST_TIME' => 1418972919
]
2014-12-19 14:03:53 [127.0.0.1][-][-][error][yii\base\InvalidParamException] exception 'yii\base\UnknownMethodException' with message 'Calling unknown method: app\models\Skill::getwitkey_industry()' in D:\web\weike\advanced\vendor\yiisoft\yii2\base\Component.php:282
Stack trace:
#0 D:\web\weike\advanced\vendor\yiisoft\yii2\db\BaseActiveRecord.php(1101): yii\base\Component->__call('getwitkey_indus...', Array)
#1 D:\web\weike\advanced\vendor\yiisoft\yii2\db\BaseActiveRecord.php(1101): app\models\Skill->getwitkey_industry()
#2 D:\web\weike\advanced\vendor\yiisoft\yii2\db\ActiveQuery.php(457): yii\db\BaseActiveRecord->getRelation('witkey_industry')
#3 D:\web\weike\advanced\vendor\yiisoft\yii2\db\ActiveQuery.php(372): yii\db\ActiveQuery->joinWithRelations(Object(app\models\Skill), Array, 'LEFT JOIN')
#4 D:\web\weike\advanced\vendor\yiisoft\yii2\db\ActiveQuery.php(143): yii\db\ActiveQuery->buildJoinWith()
#5 D:\web\weike\advanced\vendor\yiisoft\yii2\db\QueryBuilder.php(88): yii\db\ActiveQuery->prepare(Object(yii\db\mysql\QueryBuilder))
#6 D:\web\weike\advanced\vendor\yiisoft\yii2\db\ActiveQuery.php(309): yii\db\QueryBuilder->build(Object(yii\db\ActiveQuery))
#7 D:\web\weike\advanced\vendor\yiisoft\yii2\db\Query.php(206): yii\db\ActiveQuery->createCommand(NULL)
#8 D:\web\weike\advanced\vendor\yiisoft\yii2\db\ActiveQuery.php(130): yii\db\Query->all(NULL)
#9 D:\web\weike\advanced\backend\controllers\TaskController.php(39): yii\db\ActiveQuery->all()
#10 [internal function]: backend\controllers\TaskController->actionSkill()
#11 D:\web\weike\advanced\vendor\yiisoft\yii2\base\InlineAction.php(55): call_user_func_array(Array, Array)
#12 D:\web\weike\advanced\vendor\yiisoft\yii2\base\Controller.php(151): yii\base\InlineAction->runWithParams(Array)
#13 D:\web\weike\advanced\vendor\yiisoft\yii2\base\Module.php(455): yii\base\Controller->runAction('skill', Array)
#14 D:\web\weike\advanced\vendor\yiisoft\yii2\web\Application.php(83): yii\base\Module->runAction('task/skill', Array)
#15 D:\web\weike\advanced\vendor\yiisoft\yii2\base\Application.php(375): yii\web\Application->handleRequest(Object(yii\web\Request))
#16 D:\web\weike\advanced\backend\web\index.php(18): yii\base\Application->run()
#17 {main}

Next exception 'yii\base\InvalidParamException' with message 'app\models\Skill has no relation named "witkey_industry".' in D:\web\weike\advanced\vendor\yiisoft\yii2\db\BaseActiveRecord.php:1104
Stack trace:
#0 D:\web\weike\advanced\vendor\yiisoft\yii2\db\ActiveQuery.php(457): yii\db\BaseActiveRecord->getRelation('witkey_industry')
#1 D:\web\weike\advanced\vendor\yiisoft\yii2\db\ActiveQuery.php(372): yii\db\ActiveQuery->joinWithRelations(Object(app\models\Skill), Array, 'LEFT JOIN')
#2 D:\web\weike\advanced\vendor\yiisoft\yii2\db\ActiveQuery.php(143): yii\db\ActiveQuery->buildJoinWith()
#3 D:\web\weike\advanced\vendor\yiisoft\yii2\db\QueryBuilder.php(88): yii\db\ActiveQuery->prepare(Object(yii\db\mysql\QueryBuilder))
#4 D:\web\weike\advanced\vendor\yiisoft\yii2\db\ActiveQuery.php(309): yii\db\QueryBuilder->build(Object(yii\db\ActiveQuery))
#5 D:\web\weike\advanced\vendor\yiisoft\yii2\db\Query.php(206): yii\db\ActiveQuery->createCommand(NULL)
#6 D:\web\weike\advanced\vendor\yiisoft\yii2\db\ActiveQuery.php(130): yii\db\Query->all(NULL)
#7 D:\web\weike\advanced\backend\controllers\TaskController.php(39): yii\db\ActiveQuery->all()
#8 [internal function]: backend\controllers\TaskController->actionSkill()
#9 D:\web\weike\advanced\vendor\yiisoft\yii2\base\InlineAction.php(55): call_user_func_array(Array, Array)
#10 D:\web\weike\advanced\vendor\yiisoft\yii2\base\Controller.php(151): yii\base\InlineAction->runWithParams(Array)
#11 D:\web\weike\advanced\vendor\yiisoft\yii2\base\Module.php(455): yii\base\Controller->runAction('skill', Array)
#12 D:\web\weike\advanced\vendor\yiisoft\yii2\web\Application.php(83): yii\base\Module->runAction('task/skill', Array)
#13 D:\web\weike\advanced\vendor\yiisoft\yii2\base\Application.php(375): yii\web\Application->handleRequest(Object(yii\web\Request))
#14 D:\web\weike\advanced\backend\web\index.php(18): yii\base\Application->run()
#15 {main}
2014-12-19 14:03:53 [127.0.0.1][-][-][info][application] $_GET = [
    'r' => 'task/skill'
]

$_COOKIE = [
    '_csrf' => '8d8df4d588e801ec8db176ca626c2b236978741f379160e28c0d7224e34d6718s:32:\"y7iLNUIjIa_po_rOU5dgUPXrwNWlx30M\";'
]

$_SERVER = [
    'MIBDIRS' => 'D:/web/WAMP/php/extras/mibs'
    'MYSQL_HOME' => '\\xampp\\mysql\\bin'
    'OPENSSL_CONF' => 'D:/web/WAMP/apache/bin/openssl.cnf'
    'PHP_PEAR_SYSCONF_DIR' => '\\xampp\\php'
    'PHPRC' => '\\xampp\\php'
    'TMP' => '\\xampp\\tmp'
    'HTTP_HOST' => 'www.weike.com'
    'HTTP_CONNECTION' => 'keep-alive'
    'HTTP_ACCEPT' => 'text/html,application/xhtml+xml,application/xml;q=0.9,image/webp,*/*;q=0.8'
    'HTTP_USER_AGENT' => 'Mozilla/5.0 (Windows NT 6.1) AppleWebKit/537.36 (KHTML, like Gecko) Chrome/39.0.2171.65 Safari/537.36'
    'HTTP_REFERER' => 'http://www.weike.com/backend/web/'
    'HTTP_ACCEPT_ENCODING' => 'gzip, deflate, sdch'
    'HTTP_ACCEPT_LANGUAGE' => 'zh-CN,zh;q=0.8'
    'HTTP_COOKIE' => '_csrf=8d8df4d588e801ec8db176ca626c2b236978741f379160e28c0d7224e34d6718s%3A32%3A%22y7iLNUIjIa_po_rOU5dgUPXrwNWlx30M%22%3B'
    'PATH' => 'C:\\ProgramData\\Oracle\\Java\\javapath;C:\\Program Files\\NVIDIA Corporation\\PhysX\\Common;C:\\Windows\\system32;C:\\Windows;C:\\Windows\\System32\\Wbem;C:\\Windows\\System32\\WindowsPowerShell\\v1.0\\;C:\\Program Files\\ATI Technologies\\ATI.ACE\\Core-Static;D:\\php\\Linux\\SVN瀹㈡风\\svn\\bin;%J;VA_HOME%\\bin;C:\\Program Files\\Java\\jdk1.8.0_25\\jre\\bin;D:\\php\\Linux\\git\\TG\\bin'
    'SystemRoot' => 'C:\\Windows'
    'COMSPEC' => 'C:\\Windows\\system32\\cmd.exe'
    'PATHEXT' => '.COM;.EXE;.BAT;.CMD;.VBS;.VBE;.JS;.JSE;.WSF;.WSH;.MSC'
    'WINDIR' => 'C:\\Windows'
    'SERVER_SIGNATURE' => '<address>Apache/2.4.10 (Win32) OpenSSL/1.0.1i PHP/5.6.3 Server at www.weike.com Port 80</address>
'
    'SERVER_SOFTWARE' => 'Apache/2.4.10 (Win32) OpenSSL/1.0.1i PHP/5.6.3'
    'SERVER_NAME' => 'www.weike.com'
    'SERVER_ADDR' => '127.0.0.1'
    'SERVER_PORT' => '80'
    'REMOTE_ADDR' => '127.0.0.1'
    'DOCUMENT_ROOT' => 'D:/web/weike/advanced'
    'REQUEST_SCHEME' => 'http'
    'CONTEXT_PREFIX' => ''
    'CONTEXT_DOCUMENT_ROOT' => 'D:/web/weike/advanced'
    'SERVER_ADMIN' => 'postmaster@localhost'
    'SCRIPT_FILENAME' => 'D:/web/weike/advanced/backend/web/index.php'
    'REMOTE_PORT' => '52757'
    'GATEWAY_INTERFACE' => 'CGI/1.1'
    'SERVER_PROTOCOL' => 'HTTP/1.1'
    'REQUEST_METHOD' => 'GET'
    'QUERY_STRING' => 'r=task/skill'
    'REQUEST_URI' => '/backend/web/index.php?r=task/skill'
    'SCRIPT_NAME' => '/backend/web/index.php'
    'PHP_SELF' => '/backend/web/index.php'
    'REQUEST_TIME_FLOAT' => 1418994233.742
    'REQUEST_TIME' => 1418994233
]
2014-12-19 14:04:04 [127.0.0.1][-][-][error][yii\base\InvalidParamException] exception 'yii\base\UnknownMethodException' with message 'Calling unknown method: app\models\Skill::getwk_witkey_industry()' in D:\web\weike\advanced\vendor\yiisoft\yii2\base\Component.php:282
Stack trace:
#0 D:\web\weike\advanced\vendor\yiisoft\yii2\db\BaseActiveRecord.php(1101): yii\base\Component->__call('getwk_witkey_in...', Array)
#1 D:\web\weike\advanced\vendor\yiisoft\yii2\db\BaseActiveRecord.php(1101): app\models\Skill->getwk_witkey_industry()
#2 D:\web\weike\advanced\vendor\yiisoft\yii2\db\ActiveQuery.php(457): yii\db\BaseActiveRecord->getRelation('wk_witkey_indus...')
#3 D:\web\weike\advanced\vendor\yiisoft\yii2\db\ActiveQuery.php(372): yii\db\ActiveQuery->joinWithRelations(Object(app\models\Skill), Array, 'LEFT JOIN')
#4 D:\web\weike\advanced\vendor\yiisoft\yii2\db\ActiveQuery.php(143): yii\db\ActiveQuery->buildJoinWith()
#5 D:\web\weike\advanced\vendor\yiisoft\yii2\db\QueryBuilder.php(88): yii\db\ActiveQuery->prepare(Object(yii\db\mysql\QueryBuilder))
#6 D:\web\weike\advanced\vendor\yiisoft\yii2\db\ActiveQuery.php(309): yii\db\QueryBuilder->build(Object(yii\db\ActiveQuery))
#7 D:\web\weike\advanced\vendor\yiisoft\yii2\db\Query.php(206): yii\db\ActiveQuery->createCommand(NULL)
#8 D:\web\weike\advanced\vendor\yiisoft\yii2\db\ActiveQuery.php(130): yii\db\Query->all(NULL)
#9 D:\web\weike\advanced\backend\controllers\TaskController.php(39): yii\db\ActiveQuery->all()
#10 [internal function]: backend\controllers\TaskController->actionSkill()
#11 D:\web\weike\advanced\vendor\yiisoft\yii2\base\InlineAction.php(55): call_user_func_array(Array, Array)
#12 D:\web\weike\advanced\vendor\yiisoft\yii2\base\Controller.php(151): yii\base\InlineAction->runWithParams(Array)
#13 D:\web\weike\advanced\vendor\yiisoft\yii2\base\Module.php(455): yii\base\Controller->runAction('skill', Array)
#14 D:\web\weike\advanced\vendor\yiisoft\yii2\web\Application.php(83): yii\base\Module->runAction('task/skill', Array)
#15 D:\web\weike\advanced\vendor\yiisoft\yii2\base\Application.php(375): yii\web\Application->handleRequest(Object(yii\web\Request))
#16 D:\web\weike\advanced\backend\web\index.php(18): yii\base\Application->run()
#17 {main}

Next exception 'yii\base\InvalidParamException' with message 'app\models\Skill has no relation named "wk_witkey_industry".' in D:\web\weike\advanced\vendor\yiisoft\yii2\db\BaseActiveRecord.php:1104
Stack trace:
#0 D:\web\weike\advanced\vendor\yiisoft\yii2\db\ActiveQuery.php(457): yii\db\BaseActiveRecord->getRelation('wk_witkey_indus...')
#1 D:\web\weike\advanced\vendor\yiisoft\yii2\db\ActiveQuery.php(372): yii\db\ActiveQuery->joinWithRelations(Object(app\models\Skill), Array, 'LEFT JOIN')
#2 D:\web\weike\advanced\vendor\yiisoft\yii2\db\ActiveQuery.php(143): yii\db\ActiveQuery->buildJoinWith()
#3 D:\web\weike\advanced\vendor\yiisoft\yii2\db\QueryBuilder.php(88): yii\db\ActiveQuery->prepare(Object(yii\db\mysql\QueryBuilder))
#4 D:\web\weike\advanced\vendor\yiisoft\yii2\db\ActiveQuery.php(309): yii\db\QueryBuilder->build(Object(yii\db\ActiveQuery))
#5 D:\web\weike\advanced\vendor\yiisoft\yii2\db\Query.php(206): yii\db\ActiveQuery->createCommand(NULL)
#6 D:\web\weike\advanced\vendor\yiisoft\yii2\db\ActiveQuery.php(130): yii\db\Query->all(NULL)
#7 D:\web\weike\advanced\backend\controllers\TaskController.php(39): yii\db\ActiveQuery->all()
#8 [internal function]: backend\controllers\TaskController->actionSkill()
#9 D:\web\weike\advanced\vendor\yiisoft\yii2\base\InlineAction.php(55): call_user_func_array(Array, Array)
#10 D:\web\weike\advanced\vendor\yiisoft\yii2\base\Controller.php(151): yii\base\InlineAction->runWithParams(Array)
#11 D:\web\weike\advanced\vendor\yiisoft\yii2\base\Module.php(455): yii\base\Controller->runAction('skill', Array)
#12 D:\web\weike\advanced\vendor\yiisoft\yii2\web\Application.php(83): yii\base\Module->runAction('task/skill', Array)
#13 D:\web\weike\advanced\vendor\yiisoft\yii2\base\Application.php(375): yii\web\Application->handleRequest(Object(yii\web\Request))
#14 D:\web\weike\advanced\backend\web\index.php(18): yii\base\Application->run()
#15 {main}
2014-12-19 14:04:04 [127.0.0.1][-][-][info][application] $_GET = [
    'r' => 'task/skill'
]

$_COOKIE = [
    '_csrf' => '8d8df4d588e801ec8db176ca626c2b236978741f379160e28c0d7224e34d6718s:32:\"y7iLNUIjIa_po_rOU5dgUPXrwNWlx30M\";'
]

$_SERVER = [
    'MIBDIRS' => 'D:/web/WAMP/php/extras/mibs'
    'MYSQL_HOME' => '\\xampp\\mysql\\bin'
    'OPENSSL_CONF' => 'D:/web/WAMP/apache/bin/openssl.cnf'
    'PHP_PEAR_SYSCONF_DIR' => '\\xampp\\php'
    'PHPRC' => '\\xampp\\php'
    'TMP' => '\\xampp\\tmp'
    'HTTP_HOST' => 'www.weike.com'
    'HTTP_CONNECTION' => 'keep-alive'
    'HTTP_ACCEPT' => 'text/html,application/xhtml+xml,application/xml;q=0.9,image/webp,*/*;q=0.8'
    'HTTP_USER_AGENT' => 'Mozilla/5.0 (Windows NT 6.1) AppleWebKit/537.36 (KHTML, like Gecko) Chrome/39.0.2171.65 Safari/537.36'
    'HTTP_REFERER' => 'http://www.weike.com/backend/web/'
    'HTTP_ACCEPT_ENCODING' => 'gzip, deflate, sdch'
    'HTTP_ACCEPT_LANGUAGE' => 'zh-CN,zh;q=0.8'
    'HTTP_COOKIE' => '_csrf=8d8df4d588e801ec8db176ca626c2b236978741f379160e28c0d7224e34d6718s%3A32%3A%22y7iLNUIjIa_po_rOU5dgUPXrwNWlx30M%22%3B'
    'PATH' => 'C:\\ProgramData\\Oracle\\Java\\javapath;C:\\Program Files\\NVIDIA Corporation\\PhysX\\Common;C:\\Windows\\system32;C:\\Windows;C:\\Windows\\System32\\Wbem;C:\\Windows\\System32\\WindowsPowerShell\\v1.0\\;C:\\Program Files\\ATI Technologies\\ATI.ACE\\Core-Static;D:\\php\\Linux\\SVN瀹㈡风\\svn\\bin;%J;VA_HOME%\\bin;C:\\Program Files\\Java\\jdk1.8.0_25\\jre\\bin;D:\\php\\Linux\\git\\TG\\bin'
    'SystemRoot' => 'C:\\Windows'
    'COMSPEC' => 'C:\\Windows\\system32\\cmd.exe'
    'PATHEXT' => '.COM;.EXE;.BAT;.CMD;.VBS;.VBE;.JS;.JSE;.WSF;.WSH;.MSC'
    'WINDIR' => 'C:\\Windows'
    'SERVER_SIGNATURE' => '<address>Apache/2.4.10 (Win32) OpenSSL/1.0.1i PHP/5.6.3 Server at www.weike.com Port 80</address>
'
    'SERVER_SOFTWARE' => 'Apache/2.4.10 (Win32) OpenSSL/1.0.1i PHP/5.6.3'
    'SERVER_NAME' => 'www.weike.com'
    'SERVER_ADDR' => '127.0.0.1'
    'SERVER_PORT' => '80'
    'REMOTE_ADDR' => '127.0.0.1'
    'DOCUMENT_ROOT' => 'D:/web/weike/advanced'
    'REQUEST_SCHEME' => 'http'
    'CONTEXT_PREFIX' => ''
    'CONTEXT_DOCUMENT_ROOT' => 'D:/web/weike/advanced'
    'SERVER_ADMIN' => 'postmaster@localhost'
    'SCRIPT_FILENAME' => 'D:/web/weike/advanced/backend/web/index.php'
    'REMOTE_PORT' => '52801'
    'GATEWAY_INTERFACE' => 'CGI/1.1'
    'SERVER_PROTOCOL' => 'HTTP/1.1'
    'REQUEST_METHOD' => 'GET'
    'QUERY_STRING' => 'r=task/skill'
    'REQUEST_URI' => '/backend/web/index.php?r=task/skill'
    'SCRIPT_NAME' => '/backend/web/index.php'
    'PHP_SELF' => '/backend/web/index.php'
    'REQUEST_TIME_FLOAT' => 1418994244.392
    'REQUEST_TIME' => 1418994244
]
2014-12-20 00:45:23 [127.0.0.1][-][-][error][yii\base\UnknownPropertyException] exception 'yii\base\UnknownPropertyException' with message 'Getting unknown property: app\models\Skill::indus_name' in D:\web\weike\advanced\vendor\yiisoft\yii2\base\Component.php:143
Stack trace:
#0 D:\web\weike\advanced\vendor\yiisoft\yii2\db\BaseActiveRecord.php(247): yii\base\Component->__get('indus_name')
#1 D:\web\weike\advanced\vendor\yiisoft\yii2\base\Model.php(905): yii\db\BaseActiveRecord->__get('indus_name')
#2 D:\web\weike\advanced\backend\views\task\skill.php(109): yii\base\Model->offsetGet('indus_name')
#3 D:\web\weike\advanced\vendor\yiisoft\yii2\base\View.php(325): require('D:\\web\\weike\\ad...')
#4 D:\web\weike\advanced\vendor\yiisoft\yii2\base\View.php(247): yii\base\View->renderPhpFile('D:\\web\\weike\\ad...', Array)
#5 D:\web\weike\advanced\vendor\yiisoft\yii2\base\View.php(149): yii\base\View->renderFile('D:\\web\\weike\\ad...', Array, Object(backend\controllers\TaskController))
#6 D:\web\weike\advanced\vendor\yiisoft\yii2\base\Controller.php(398): yii\base\View->render('skill', Array, Object(backend\controllers\TaskController))
#7 D:\web\weike\advanced\backend\controllers\TaskController.php(41): yii\base\Controller->renderPartial('skill', Array)
#8 [internal function]: backend\controllers\TaskController->actionSkill()
#9 D:\web\weike\advanced\vendor\yiisoft\yii2\base\InlineAction.php(55): call_user_func_array(Array, Array)
#10 D:\web\weike\advanced\vendor\yiisoft\yii2\base\Controller.php(151): yii\base\InlineAction->runWithParams(Array)
#11 D:\web\weike\advanced\vendor\yiisoft\yii2\base\Module.php(455): yii\base\Controller->runAction('skill', Array)
#12 D:\web\weike\advanced\vendor\yiisoft\yii2\web\Application.php(83): yii\base\Module->runAction('task/skill', Array)
#13 D:\web\weike\advanced\vendor\yiisoft\yii2\base\Application.php(375): yii\web\Application->handleRequest(Object(yii\web\Request))
#14 D:\web\weike\advanced\backend\web\index.php(18): yii\base\Application->run()
#15 {main}
2014-12-20 00:45:22 [127.0.0.1][-][-][info][application] $_GET = [
    'r' => 'task/skill'
]

$_SERVER = [
    'MIBDIRS' => 'D:/web/WAMP/php/extras/mibs'
    'MYSQL_HOME' => '\\xampp\\mysql\\bin'
    'OPENSSL_CONF' => 'D:/web/WAMP/apache/bin/openssl.cnf'
    'PHP_PEAR_SYSCONF_DIR' => '\\xampp\\php'
    'PHPRC' => '\\xampp\\php'
    'TMP' => '\\xampp\\tmp'
    'HTTP_HOST' => 'www.weike.com'
    'HTTP_CONNECTION' => 'keep-alive'
    'HTTP_ACCEPT' => 'text/html,application/xhtml+xml,application/xml;q=0.9,image/webp,*/*;q=0.8'
    'HTTP_USER_AGENT' => 'Mozilla/5.0 (Windows NT 6.1) AppleWebKit/537.36 (KHTML, like Gecko) Chrome/39.0.2171.65 Safari/537.36'
    'HTTP_REFERER' => 'http://www.weike.com/backend/web/'
    'HTTP_ACCEPT_ENCODING' => 'gzip, deflate, sdch'
    'HTTP_ACCEPT_LANGUAGE' => 'zh-CN,zh;q=0.8'
    'PATH' => 'C:\\ProgramData\\Oracle\\Java\\javapath;C:\\Program Files\\NVIDIA Corporation\\PhysX\\Common;C:\\Windows\\system32;C:\\Windows;C:\\Windows\\System32\\Wbem;C:\\Windows\\System32\\WindowsPowerShell\\v1.0\\;C:\\Program Files\\ATI Technologies\\ATI.ACE\\Core-Static;D:\\php\\Linux\\SVN瀹㈡风\\svn\\bin;%J;VA_HOME%\\bin;C:\\Program Files\\Java\\jdk1.8.0_25\\jre\\bin;D:\\php\\Linux\\git\\TG\\bin'
    'SystemRoot' => 'C:\\Windows'
    'COMSPEC' => 'C:\\Windows\\system32\\cmd.exe'
    'PATHEXT' => '.COM;.EXE;.BAT;.CMD;.VBS;.VBE;.JS;.JSE;.WSF;.WSH;.MSC'
    'WINDIR' => 'C:\\Windows'
    'SERVER_SIGNATURE' => '<address>Apache/2.4.10 (Win32) OpenSSL/1.0.1i PHP/5.6.3 Server at www.weike.com Port 80</address>
'
    'SERVER_SOFTWARE' => 'Apache/2.4.10 (Win32) OpenSSL/1.0.1i PHP/5.6.3'
    'SERVER_NAME' => 'www.weike.com'
    'SERVER_ADDR' => '127.0.0.1'
    'SERVER_PORT' => '80'
    'REMOTE_ADDR' => '127.0.0.1'
    'DOCUMENT_ROOT' => 'D:/web/weike/advanced'
    'REQUEST_SCHEME' => 'http'
    'CONTEXT_PREFIX' => ''
    'CONTEXT_DOCUMENT_ROOT' => 'D:/web/weike/advanced'
    'SERVER_ADMIN' => 'postmaster@localhost'
    'SCRIPT_FILENAME' => 'D:/web/weike/advanced/backend/web/index.php'
    'REMOTE_PORT' => '49700'
    'GATEWAY_INTERFACE' => 'CGI/1.1'
    'SERVER_PROTOCOL' => 'HTTP/1.1'
    'REQUEST_METHOD' => 'GET'
    'QUERY_STRING' => 'r=task/skill'
    'REQUEST_URI' => '/backend/web/index.php?r=task/skill'
    'SCRIPT_NAME' => '/backend/web/index.php'
    'PHP_SELF' => '/backend/web/index.php'
    'REQUEST_TIME_FLOAT' => 1419032722.894
    'REQUEST_TIME' => 1419032722
]
2014-12-20 00:55:51 [127.0.0.1][-][-][error][yii\web\HttpException:400] exception 'yii\web\BadRequestHttpException' with message 'Unable to verify your data submission.' in D:\web\weike\advanced\vendor\yiisoft\yii2\web\Controller.php:110
Stack trace:
#0 D:\web\weike\advanced\vendor\yiisoft\yii2\base\Controller.php(149): yii\web\Controller->beforeAction(Object(yii\base\InlineAction))
#1 D:\web\weike\advanced\vendor\yiisoft\yii2\base\Module.php(455): yii\base\Controller->runAction('skillinsert', Array)
#2 D:\web\weike\advanced\vendor\yiisoft\yii2\web\Application.php(83): yii\base\Module->runAction('task/skillinser...', Array)
#3 D:\web\weike\advanced\vendor\yiisoft\yii2\base\Application.php(375): yii\web\Application->handleRequest(Object(yii\web\Request))
#4 D:\web\weike\advanced\backend\web\index.php(18): yii\base\Application->run()
#5 {main}
2014-12-20 00:55:51 [127.0.0.1][-][-][info][application] $_GET = [
    'r' => 'task/skillinsert'
]

$_POST = [
    'pk' => [
        'skill_id' => ''
    ]
    'fs' => [
        'indus_id' => '229'
        'skill_name' => '123'
        'listorder' => '123'
    ]
    'sbt_edit' => '1'
]

$_SERVER = [
    'MIBDIRS' => 'D:/web/WAMP/php/extras/mibs'
    'MYSQL_HOME' => '\\xampp\\mysql\\bin'
    'OPENSSL_CONF' => 'D:/web/WAMP/apache/bin/openssl.cnf'
    'PHP_PEAR_SYSCONF_DIR' => '\\xampp\\php'
    'PHPRC' => '\\xampp\\php'
    'TMP' => '\\xampp\\tmp'
    'HTTP_HOST' => 'www.weike.com'
    'HTTP_CONNECTION' => 'keep-alive'
    'CONTENT_LENGTH' => '548'
    'HTTP_CACHE_CONTROL' => 'max-age=0'
    'HTTP_ACCEPT' => 'text/html,application/xhtml+xml,application/xml;q=0.9,image/webp,*/*;q=0.8'
    'HTTP_ORIGIN' => 'http://www.weike.com'
    'HTTP_USER_AGENT' => 'Mozilla/5.0 (Windows NT 6.1) AppleWebKit/537.36 (KHTML, like Gecko) Chrome/39.0.2171.65 Safari/537.36'
    'CONTENT_TYPE' => 'multipart/form-data; boundary=----WebKitFormBoundaryHfIY1uyQLnvv3bYV'
    'HTTP_REFERER' => 'http://www.weike.com/backend/web/index.php?r=task/skill_edit'
    'HTTP_ACCEPT_ENCODING' => 'gzip, deflate'
    'HTTP_ACCEPT_LANGUAGE' => 'zh-CN,zh;q=0.8'
    'PATH' => 'C:\\ProgramData\\Oracle\\Java\\javapath;C:\\Program Files\\NVIDIA Corporation\\PhysX\\Common;C:\\Windows\\system32;C:\\Windows;C:\\Windows\\System32\\Wbem;C:\\Windows\\System32\\WindowsPowerShell\\v1.0\\;C:\\Program Files\\ATI Technologies\\ATI.ACE\\Core-Static;D:\\php\\Linux\\SVN瀹㈡风\\svn\\bin;%J;VA_HOME%\\bin;C:\\Program Files\\Java\\jdk1.8.0_25\\jre\\bin;D:\\php\\Linux\\git\\TG\\bin'
    'SystemRoot' => 'C:\\Windows'
    'COMSPEC' => 'C:\\Windows\\system32\\cmd.exe'
    'PATHEXT' => '.COM;.EXE;.BAT;.CMD;.VBS;.VBE;.JS;.JSE;.WSF;.WSH;.MSC'
    'WINDIR' => 'C:\\Windows'
    'SERVER_SIGNATURE' => '<address>Apache/2.4.10 (Win32) OpenSSL/1.0.1i PHP/5.6.3 Server at www.weike.com Port 80</address>
'
    'SERVER_SOFTWARE' => 'Apache/2.4.10 (Win32) OpenSSL/1.0.1i PHP/5.6.3'
    'SERVER_NAME' => 'www.weike.com'
    'SERVER_ADDR' => '127.0.0.1'
    'SERVER_PORT' => '80'
    'REMOTE_ADDR' => '127.0.0.1'
    'DOCUMENT_ROOT' => 'D:/web/weike/advanced'
    'REQUEST_SCHEME' => 'http'
    'CONTEXT_PREFIX' => ''
    'CONTEXT_DOCUMENT_ROOT' => 'D:/web/weike/advanced'
    'SERVER_ADMIN' => 'postmaster@localhost'
    'SCRIPT_FILENAME' => 'D:/web/weike/advanced/backend/web/index.php'
    'REMOTE_PORT' => '49866'
    'GATEWAY_INTERFACE' => 'CGI/1.1'
    'SERVER_PROTOCOL' => 'HTTP/1.1'
    'REQUEST_METHOD' => 'POST'
    'QUERY_STRING' => 'r=task/skillinsert'
    'REQUEST_URI' => '/backend/web/index.php?r=task/skillinsert'
    'SCRIPT_NAME' => '/backend/web/index.php'
    'PHP_SELF' => '/backend/web/index.php'
    'REQUEST_TIME_FLOAT' => 1419033351.725
    'REQUEST_TIME' => 1419033351
]
2014-12-20 01:03:50 [127.0.0.1][-][-][error][yii\base\ErrorException:1] exception 'yii\base\ErrorException' with message 'Class 'backend\controllers\Nav' not found' in D:\web\weike\advanced\backend\controllers\TaskController.php:55
Stack trace:
#0 [internal function]: yii\base\ErrorHandler->handleFatalError()
#1 {main}
2014-12-20 01:03:50 [127.0.0.1][-][-][info][application] $_GET = [
    'r' => 'task/skill_edit'
    'id' => '42'
]

$_COOKIE = [
    '_csrf' => 'a3c6834d7eec6de4948b6c9aed2e2eeb86e8372a173d0c9b859cf9cf6f9bdc93s:32:\"dTMi1P-BRq_0xY9f9jJXBK0iLsmrdps7\";'
]

$_SERVER = [
    'MIBDIRS' => 'D:/web/WAMP/php/extras/mibs'
    'MYSQL_HOME' => '\\xampp\\mysql\\bin'
    'OPENSSL_CONF' => 'D:/web/WAMP/apache/bin/openssl.cnf'
    'PHP_PEAR_SYSCONF_DIR' => '\\xampp\\php'
    'PHPRC' => '\\xampp\\php'
    'TMP' => '\\xampp\\tmp'
    'HTTP_HOST' => 'www.weike.com'
    'HTTP_CONNECTION' => 'keep-alive'
    'HTTP_ACCEPT' => 'text/html,application/xhtml+xml,application/xml;q=0.9,image/webp,*/*;q=0.8'
    'HTTP_USER_AGENT' => 'Mozilla/5.0 (Windows NT 6.1) AppleWebKit/537.36 (KHTML, like Gecko) Chrome/39.0.2171.65 Safari/537.36'
    'HTTP_REFERER' => 'http://www.weike.com/backend/web/index.php?r=task/skill'
    'HTTP_ACCEPT_ENCODING' => 'gzip, deflate, sdch'
    'HTTP_ACCEPT_LANGUAGE' => 'zh-CN,zh;q=0.8'
    'HTTP_COOKIE' => '_csrf=a3c6834d7eec6de4948b6c9aed2e2eeb86e8372a173d0c9b859cf9cf6f9bdc93s%3A32%3A%22dTMi1P-BRq_0xY9f9jJXBK0iLsmrdps7%22%3B'
    'PATH' => 'C:\\ProgramData\\Oracle\\Java\\javapath;C:\\Program Files\\NVIDIA Corporation\\PhysX\\Common;C:\\Windows\\system32;C:\\Windows;C:\\Windows\\System32\\Wbem;C:\\Windows\\System32\\WindowsPowerShell\\v1.0\\;C:\\Program Files\\ATI Technologies\\ATI.ACE\\Core-Static;D:\\php\\Linux\\SVN瀹㈡风\\svn\\bin;%J;VA_HOME%\\bin;C:\\Program Files\\Java\\jdk1.8.0_25\\jre\\bin;D:\\php\\Linux\\git\\TG\\bin'
    'SystemRoot' => 'C:\\Windows'
    'COMSPEC' => 'C:\\Windows\\system32\\cmd.exe'
    'PATHEXT' => '.COM;.EXE;.BAT;.CMD;.VBS;.VBE;.JS;.JSE;.WSF;.WSH;.MSC'
    'WINDIR' => 'C:\\Windows'
    'SERVER_SIGNATURE' => '<address>Apache/2.4.10 (Win32) OpenSSL/1.0.1i PHP/5.6.3 Server at www.weike.com Port 80</address>
'
    'SERVER_SOFTWARE' => 'Apache/2.4.10 (Win32) OpenSSL/1.0.1i PHP/5.6.3'
    'SERVER_NAME' => 'www.weike.com'
    'SERVER_ADDR' => '127.0.0.1'
    'SERVER_PORT' => '80'
    'REMOTE_ADDR' => '127.0.0.1'
    'DOCUMENT_ROOT' => 'D:/web/weike/advanced'
    'REQUEST_SCHEME' => 'http'
    'CONTEXT_PREFIX' => ''
    'CONTEXT_DOCUMENT_ROOT' => 'D:/web/weike/advanced'
    'SERVER_ADMIN' => 'postmaster@localhost'
    'SCRIPT_FILENAME' => 'D:/web/weike/advanced/backend/web/index.php'
    'REMOTE_PORT' => '49979'
    'GATEWAY_INTERFACE' => 'CGI/1.1'
    'SERVER_PROTOCOL' => 'HTTP/1.1'
    'REQUEST_METHOD' => 'GET'
    'QUERY_STRING' => 'r=task/skill_edit&id=42'
    'REQUEST_URI' => '/backend/web/index.php?r=task/skill_edit&id=42'
    'SCRIPT_NAME' => '/backend/web/index.php'
    'PHP_SELF' => '/backend/web/index.php'
    'REQUEST_TIME_FLOAT' => 1419033830.198
    'REQUEST_TIME' => 1419033830
]
2014-12-20 01:06:19 [127.0.0.1][-][-][error][yii\base\ErrorException:4] exception 'yii\base\ErrorException' with message 'syntax error, unexpected '}', expecting ',' or ';'' in D:\web\weike\advanced\backend\views\task\skill_edit.php:49
Stack trace:
#0 [internal function]: yii\base\ErrorHandler->handleFatalError()
#1 {main}
2014-12-20 01:06:19 [127.0.0.1][-][-][info][application] $_GET = [
    'r' => 'task/skill_edit'
    'id' => '42'
]

$_COOKIE = [
    '_csrf' => 'a3c6834d7eec6de4948b6c9aed2e2eeb86e8372a173d0c9b859cf9cf6f9bdc93s:32:\"dTMi1P-BRq_0xY9f9jJXBK0iLsmrdps7\";'
]

$_SERVER = [
    'MIBDIRS' => 'D:/web/WAMP/php/extras/mibs'
    'MYSQL_HOME' => '\\xampp\\mysql\\bin'
    'OPENSSL_CONF' => 'D:/web/WAMP/apache/bin/openssl.cnf'
    'PHP_PEAR_SYSCONF_DIR' => '\\xampp\\php'
    'PHPRC' => '\\xampp\\php'
    'TMP' => '\\xampp\\tmp'
    'HTTP_HOST' => 'www.weike.com'
    'HTTP_CONNECTION' => 'keep-alive'
    'HTTP_ACCEPT' => 'text/html,application/xhtml+xml,application/xml;q=0.9,image/webp,*/*;q=0.8'
    'HTTP_USER_AGENT' => 'Mozilla/5.0 (Windows NT 6.1) AppleWebKit/537.36 (KHTML, like Gecko) Chrome/39.0.2171.65 Safari/537.36'
    'HTTP_REFERER' => 'http://www.weike.com/backend/web/index.php?r=task/skill'
    'HTTP_ACCEPT_ENCODING' => 'gzip, deflate, sdch'
    'HTTP_ACCEPT_LANGUAGE' => 'zh-CN,zh;q=0.8'
    'HTTP_COOKIE' => '_csrf=a3c6834d7eec6de4948b6c9aed2e2eeb86e8372a173d0c9b859cf9cf6f9bdc93s%3A32%3A%22dTMi1P-BRq_0xY9f9jJXBK0iLsmrdps7%22%3B'
    'PATH' => 'C:\\ProgramData\\Oracle\\Java\\javapath;C:\\Program Files\\NVIDIA Corporation\\PhysX\\Common;C:\\Windows\\system32;C:\\Windows;C:\\Windows\\System32\\Wbem;C:\\Windows\\System32\\WindowsPowerShell\\v1.0\\;C:\\Program Files\\ATI Technologies\\ATI.ACE\\Core-Static;D:\\php\\Linux\\SVN瀹㈡风\\svn\\bin;%J;VA_HOME%\\bin;C:\\Program Files\\Java\\jdk1.8.0_25\\jre\\bin;D:\\php\\Linux\\git\\TG\\bin'
    'SystemRoot' => 'C:\\Windows'
    'COMSPEC' => 'C:\\Windows\\system32\\cmd.exe'
    'PATHEXT' => '.COM;.EXE;.BAT;.CMD;.VBS;.VBE;.JS;.JSE;.WSF;.WSH;.MSC'
    'WINDIR' => 'C:\\Windows'
    'SERVER_SIGNATURE' => '<address>Apache/2.4.10 (Win32) OpenSSL/1.0.1i PHP/5.6.3 Server at www.weike.com Port 80</address>
'
    'SERVER_SOFTWARE' => 'Apache/2.4.10 (Win32) OpenSSL/1.0.1i PHP/5.6.3'
    'SERVER_NAME' => 'www.weike.com'
    'SERVER_ADDR' => '127.0.0.1'
    'SERVER_PORT' => '80'
    'REMOTE_ADDR' => '127.0.0.1'
    'DOCUMENT_ROOT' => 'D:/web/weike/advanced'
    'REQUEST_SCHEME' => 'http'
    'CONTEXT_PREFIX' => ''
    'CONTEXT_DOCUMENT_ROOT' => 'D:/web/weike/advanced'
    'SERVER_ADMIN' => 'postmaster@localhost'
    'SCRIPT_FILENAME' => 'D:/web/weike/advanced/backend/web/index.php'
    'REMOTE_PORT' => '50005'
    'GATEWAY_INTERFACE' => 'CGI/1.1'
    'SERVER_PROTOCOL' => 'HTTP/1.1'
    'REQUEST_METHOD' => 'GET'
    'QUERY_STRING' => 'r=task/skill_edit&id=42'
    'REQUEST_URI' => '/backend/web/index.php?r=task/skill_edit&id=42'
    'SCRIPT_NAME' => '/backend/web/index.php'
    'PHP_SELF' => '/backend/web/index.php'
    'REQUEST_TIME_FLOAT' => 1419033979.366
    'REQUEST_TIME' => 1419033979
]
2014-12-20 01:07:20 [127.0.0.1][-][-][error][yii\web\HttpException:404] exception 'yii\base\InvalidRouteException' with message 'Unable to resolve the request: task/skilledit' in D:\web\weike\advanced\vendor\yiisoft\yii2\base\Controller.php:122
Stack trace:
#0 D:\web\weike\advanced\vendor\yiisoft\yii2\base\Module.php(455): yii\base\Controller->runAction('skilledit', Array)
#1 D:\web\weike\advanced\vendor\yiisoft\yii2\web\Application.php(83): yii\base\Module->runAction('task/skilledit', Array)
#2 D:\web\weike\advanced\vendor\yiisoft\yii2\base\Application.php(375): yii\web\Application->handleRequest(Object(yii\web\Request))
#3 D:\web\weike\advanced\backend\web\index.php(18): yii\base\Application->run()
#4 {main}

Next exception 'yii\web\NotFoundHttpException' with message 'Unable to resolve the request: task/skilledit' in D:\web\weike\advanced\vendor\yiisoft\yii2\web\Application.php:95
Stack trace:
#0 D:\web\weike\advanced\vendor\yiisoft\yii2\base\Application.php(375): yii\web\Application->handleRequest(Object(yii\web\Request))
#1 D:\web\weike\advanced\backend\web\index.php(18): yii\base\Application->run()
#2 {main}
2014-12-20 01:07:20 [127.0.0.1][-][-][info][application] $_GET = [
    'r' => 'task/skilledit'
]

$_POST = [
    'pk' => [
        'skill_id' => '42'
    ]
    'fs' => [
        'indus_id' => '2'
        'skill_name' => 'Photoshop'
        'listorder' => '1'
    ]
    'submit' => 'skill'
]

$_COOKIE = [
    '_csrf' => 'a3c6834d7eec6de4948b6c9aed2e2eeb86e8372a173d0c9b859cf9cf6f9bdc93s:32:\"dTMi1P-BRq_0xY9f9jJXBK0iLsmrdps7\";'
]

$_SERVER = [
    'MIBDIRS' => 'D:/web/WAMP/php/extras/mibs'
    'MYSQL_HOME' => '\\xampp\\mysql\\bin'
    'OPENSSL_CONF' => 'D:/web/WAMP/apache/bin/openssl.cnf'
    'PHP_PEAR_SYSCONF_DIR' => '\\xampp\\php'
    'PHPRC' => '\\xampp\\php'
    'TMP' => '\\xampp\\tmp'
    'HTTP_HOST' => 'www.weike.com'
    'HTTP_CONNECTION' => 'keep-alive'
    'CONTENT_LENGTH' => '554'
    'HTTP_CACHE_CONTROL' => 'max-age=0'
    'HTTP_ACCEPT' => 'text/html,application/xhtml+xml,application/xml;q=0.9,image/webp,*/*;q=0.8'
    'HTTP_ORIGIN' => 'http://www.weike.com'
    'HTTP_USER_AGENT' => 'Mozilla/5.0 (Windows NT 6.1) AppleWebKit/537.36 (KHTML, like Gecko) Chrome/39.0.2171.65 Safari/537.36'
    'CONTENT_TYPE' => 'multipart/form-data; boundary=----WebKitFormBoundarytfvk0A1SOAfKmOyl'
    'HTTP_REFERER' => 'http://www.weike.com/backend/web/index.php?r=task/skill_edit&id=42'
    'HTTP_ACCEPT_ENCODING' => 'gzip, deflate'
    'HTTP_ACCEPT_LANGUAGE' => 'zh-CN,zh;q=0.8'
    'HTTP_COOKIE' => '_csrf=a3c6834d7eec6de4948b6c9aed2e2eeb86e8372a173d0c9b859cf9cf6f9bdc93s%3A32%3A%22dTMi1P-BRq_0xY9f9jJXBK0iLsmrdps7%22%3B'
    'PATH' => 'C:\\ProgramData\\Oracle\\Java\\javapath;C:\\Program Files\\NVIDIA Corporation\\PhysX\\Common;C:\\Windows\\system32;C:\\Windows;C:\\Windows\\System32\\Wbem;C:\\Windows\\System32\\WindowsPowerShell\\v1.0\\;C:\\Program Files\\ATI Technologies\\ATI.ACE\\Core-Static;D:\\php\\Linux\\SVN瀹㈡风\\svn\\bin;%J;VA_HOME%\\bin;C:\\Program Files\\Java\\jdk1.8.0_25\\jre\\bin;D:\\php\\Linux\\git\\TG\\bin'
    'SystemRoot' => 'C:\\Windows'
    'COMSPEC' => 'C:\\Windows\\system32\\cmd.exe'
    'PATHEXT' => '.COM;.EXE;.BAT;.CMD;.VBS;.VBE;.JS;.JSE;.WSF;.WSH;.MSC'
    'WINDIR' => 'C:\\Windows'
    'SERVER_SIGNATURE' => '<address>Apache/2.4.10 (Win32) OpenSSL/1.0.1i PHP/5.6.3 Server at www.weike.com Port 80</address>
'
    'SERVER_SOFTWARE' => 'Apache/2.4.10 (Win32) OpenSSL/1.0.1i PHP/5.6.3'
    'SERVER_NAME' => 'www.weike.com'
    'SERVER_ADDR' => '127.0.0.1'
    'SERVER_PORT' => '80'
    'REMOTE_ADDR' => '127.0.0.1'
    'DOCUMENT_ROOT' => 'D:/web/weike/advanced'
    'REQUEST_SCHEME' => 'http'
    'CONTEXT_PREFIX' => ''
    'CONTEXT_DOCUMENT_ROOT' => 'D:/web/weike/advanced'
    'SERVER_ADMIN' => 'postmaster@localhost'
    'SCRIPT_FILENAME' => 'D:/web/weike/advanced/backend/web/index.php'
    'REMOTE_PORT' => '50015'
    'GATEWAY_INTERFACE' => 'CGI/1.1'
    'SERVER_PROTOCOL' => 'HTTP/1.1'
    'REQUEST_METHOD' => 'POST'
    'QUERY_STRING' => 'r=task/skilledit'
    'REQUEST_URI' => '/backend/web/index.php?r=task/skilledit'
    'SCRIPT_NAME' => '/backend/web/index.php'
    'PHP_SELF' => '/backend/web/index.php'
    'REQUEST_TIME_FLOAT' => 1419034040.278
    'REQUEST_TIME' => 1419034040
]
2014-12-20 01:09:15 [127.0.0.1][-][-][error][yii\base\ErrorException:64] exception 'yii\base\ErrorException' with message 'Cannot redeclare backend\controllers\TaskController::actionSkilledit()' in D:\web\weike\advanced\backend\controllers\TaskController.php:72
Stack trace:
#0 [internal function]: yii\base\ErrorHandler->handleFatalError()
#1 {main}
2014-12-20 01:09:15 [127.0.0.1][-][-][info][application] $_GET = [
    'r' => 'task/skill'
]

$_COOKIE = [
    '_csrf' => 'a3c6834d7eec6de4948b6c9aed2e2eeb86e8372a173d0c9b859cf9cf6f9bdc93s:32:\"dTMi1P-BRq_0xY9f9jJXBK0iLsmrdps7\";'
]

$_SERVER = [
    'MIBDIRS' => 'D:/web/WAMP/php/extras/mibs'
    'MYSQL_HOME' => '\\xampp\\mysql\\bin'
    'OPENSSL_CONF' => 'D:/web/WAMP/apache/bin/openssl.cnf'
    'PHP_PEAR_SYSCONF_DIR' => '\\xampp\\php'
    'PHPRC' => '\\xampp\\php'
    'TMP' => '\\xampp\\tmp'
    'HTTP_HOST' => 'www.weike.com'
    'HTTP_CONNECTION' => 'keep-alive'
    'HTTP_ACCEPT' => 'text/html,application/xhtml+xml,application/xml;q=0.9,image/webp,*/*;q=0.8'
    'HTTP_USER_AGENT' => 'Mozilla/5.0 (Windows NT 6.1) AppleWebKit/537.36 (KHTML, like Gecko) Chrome/39.0.2171.65 Safari/537.36'
    'HTTP_REFERER' => 'http://www.weike.com/backend/web/index.php?r=task/skill'
    'HTTP_ACCEPT_ENCODING' => 'gzip, deflate, sdch'
    'HTTP_ACCEPT_LANGUAGE' => 'zh-CN,zh;q=0.8'
    'HTTP_COOKIE' => '_csrf=a3c6834d7eec6de4948b6c9aed2e2eeb86e8372a173d0c9b859cf9cf6f9bdc93s%3A32%3A%22dTMi1P-BRq_0xY9f9jJXBK0iLsmrdps7%22%3B'
    'PATH' => 'C:\\ProgramData\\Oracle\\Java\\javapath;C:\\Program Files\\NVIDIA Corporation\\PhysX\\Common;C:\\Windows\\system32;C:\\Windows;C:\\Windows\\System32\\Wbem;C:\\Windows\\System32\\WindowsPowerShell\\v1.0\\;C:\\Program Files\\ATI Technologies\\ATI.ACE\\Core-Static;D:\\php\\Linux\\SVN瀹㈡风\\svn\\bin;%J;VA_HOME%\\bin;C:\\Program Files\\Java\\jdk1.8.0_25\\jre\\bin;D:\\php\\Linux\\git\\TG\\bin'
    'SystemRoot' => 'C:\\Windows'
    'COMSPEC' => 'C:\\Windows\\system32\\cmd.exe'
    'PATHEXT' => '.COM;.EXE;.BAT;.CMD;.VBS;.VBE;.JS;.JSE;.WSF;.WSH;.MSC'
    'WINDIR' => 'C:\\Windows'
    'SERVER_SIGNATURE' => '<address>Apache/2.4.10 (Win32) OpenSSL/1.0.1i PHP/5.6.3 Server at www.weike.com Port 80</address>
'
    'SERVER_SOFTWARE' => 'Apache/2.4.10 (Win32) OpenSSL/1.0.1i PHP/5.6.3'
    'SERVER_NAME' => 'www.weike.com'
    'SERVER_ADDR' => '127.0.0.1'
    'SERVER_PORT' => '80'
    'REMOTE_ADDR' => '127.0.0.1'
    'DOCUMENT_ROOT' => 'D:/web/weike/advanced'
    'REQUEST_SCHEME' => 'http'
    'CONTEXT_PREFIX' => ''
    'CONTEXT_DOCUMENT_ROOT' => 'D:/web/weike/advanced'
    'SERVER_ADMIN' => 'postmaster@localhost'
    'SCRIPT_FILENAME' => 'D:/web/weike/advanced/backend/web/index.php'
    'REMOTE_PORT' => '50033'
    'GATEWAY_INTERFACE' => 'CGI/1.1'
    'SERVER_PROTOCOL' => 'HTTP/1.1'
    'REQUEST_METHOD' => 'GET'
    'QUERY_STRING' => 'r=task/skill'
    'REQUEST_URI' => '/backend/web/index.php?r=task/skill'
    'SCRIPT_NAME' => '/backend/web/index.php'
    'PHP_SELF' => '/backend/web/index.php'
    'REQUEST_TIME_FLOAT' => 1419034155.416
    'REQUEST_TIME' => 1419034155
]
2014-12-20 01:09:20 [127.0.0.1][-][-][error][yii\base\ErrorException:64] exception 'yii\base\ErrorException' with message 'Cannot redeclare backend\controllers\TaskController::actionSkilledit()' in D:\web\weike\advanced\backend\controllers\TaskController.php:72
Stack trace:
#0 [internal function]: yii\base\ErrorHandler->handleFatalError()
#1 {main}
2014-12-20 01:09:20 [127.0.0.1][-][-][info][application] $_GET = [
    'r' => 'task/skill'
]

$_COOKIE = [
    '_csrf' => 'a3c6834d7eec6de4948b6c9aed2e2eeb86e8372a173d0c9b859cf9cf6f9bdc93s:32:\"dTMi1P-BRq_0xY9f9jJXBK0iLsmrdps7\";'
]

$_SERVER = [
    'MIBDIRS' => 'D:/web/WAMP/php/extras/mibs'
    'MYSQL_HOME' => '\\xampp\\mysql\\bin'
    'OPENSSL_CONF' => 'D:/web/WAMP/apache/bin/openssl.cnf'
    'PHP_PEAR_SYSCONF_DIR' => '\\xampp\\php'
    'PHPRC' => '\\xampp\\php'
    'TMP' => '\\xampp\\tmp'
    'HTTP_HOST' => 'www.weike.com'
    'HTTP_CONNECTION' => 'keep-alive'
    'HTTP_ACCEPT' => 'text/html,application/xhtml+xml,application/xml;q=0.9,image/webp,*/*;q=0.8'
    'HTTP_USER_AGENT' => 'Mozilla/5.0 (Windows NT 6.1) AppleWebKit/537.36 (KHTML, like Gecko) Chrome/39.0.2171.65 Safari/537.36'
    'HTTP_REFERER' => 'http://www.weike.com/backend/web/'
    'HTTP_ACCEPT_ENCODING' => 'gzip, deflate, sdch'
    'HTTP_ACCEPT_LANGUAGE' => 'zh-CN,zh;q=0.8'
    'HTTP_COOKIE' => '_csrf=a3c6834d7eec6de4948b6c9aed2e2eeb86e8372a173d0c9b859cf9cf6f9bdc93s%3A32%3A%22dTMi1P-BRq_0xY9f9jJXBK0iLsmrdps7%22%3B'
    'PATH' => 'C:\\ProgramData\\Oracle\\Java\\javapath;C:\\Program Files\\NVIDIA Corporation\\PhysX\\Common;C:\\Windows\\system32;C:\\Windows;C:\\Windows\\System32\\Wbem;C:\\Windows\\System32\\WindowsPowerShell\\v1.0\\;C:\\Program Files\\ATI Technologies\\ATI.ACE\\Core-Static;D:\\php\\Linux\\SVN瀹㈡风\\svn\\bin;%J;VA_HOME%\\bin;C:\\Program Files\\Java\\jdk1.8.0_25\\jre\\bin;D:\\php\\Linux\\git\\TG\\bin'
    'SystemRoot' => 'C:\\Windows'
    'COMSPEC' => 'C:\\Windows\\system32\\cmd.exe'
    'PATHEXT' => '.COM;.EXE;.BAT;.CMD;.VBS;.VBE;.JS;.JSE;.WSF;.WSH;.MSC'
    'WINDIR' => 'C:\\Windows'
    'SERVER_SIGNATURE' => '<address>Apache/2.4.10 (Win32) OpenSSL/1.0.1i PHP/5.6.3 Server at www.weike.com Port 80</address>
'
    'SERVER_SOFTWARE' => 'Apache/2.4.10 (Win32) OpenSSL/1.0.1i PHP/5.6.3'
    'SERVER_NAME' => 'www.weike.com'
    'SERVER_ADDR' => '127.0.0.1'
    'SERVER_PORT' => '80'
    'REMOTE_ADDR' => '127.0.0.1'
    'DOCUMENT_ROOT' => 'D:/web/weike/advanced'
    'REQUEST_SCHEME' => 'http'
    'CONTEXT_PREFIX' => ''
    'CONTEXT_DOCUMENT_ROOT' => 'D:/web/weike/advanced'
    'SERVER_ADMIN' => 'postmaster@localhost'
    'SCRIPT_FILENAME' => 'D:/web/weike/advanced/backend/web/index.php'
    'REMOTE_PORT' => '50034'
    'GATEWAY_INTERFACE' => 'CGI/1.1'
    'SERVER_PROTOCOL' => 'HTTP/1.1'
    'REQUEST_METHOD' => 'GET'
    'QUERY_STRING' => 'r=task/skill'
    'REQUEST_URI' => '/backend/web/index.php?r=task/skill'
    'SCRIPT_NAME' => '/backend/web/index.php'
    'PHP_SELF' => '/backend/web/index.php'
    'REQUEST_TIME_FLOAT' => 1419034160.054
    'REQUEST_TIME' => 1419034160
]
2014-12-20 01:09:21 [127.0.0.1][-][-][error][yii\base\ErrorException:64] exception 'yii\base\ErrorException' with message 'Cannot redeclare backend\controllers\TaskController::actionSkilledit()' in D:\web\weike\advanced\backend\controllers\TaskController.php:72
Stack trace:
#0 [internal function]: yii\base\ErrorHandler->handleFatalError()
#1 {main}
2014-12-20 01:09:21 [127.0.0.1][-][-][info][application] $_GET = [
    'r' => 'task/industry'
]

$_COOKIE = [
    '_csrf' => 'a3c6834d7eec6de4948b6c9aed2e2eeb86e8372a173d0c9b859cf9cf6f9bdc93s:32:\"dTMi1P-BRq_0xY9f9jJXBK0iLsmrdps7\";'
]

$_SERVER = [
    'MIBDIRS' => 'D:/web/WAMP/php/extras/mibs'
    'MYSQL_HOME' => '\\xampp\\mysql\\bin'
    'OPENSSL_CONF' => 'D:/web/WAMP/apache/bin/openssl.cnf'
    'PHP_PEAR_SYSCONF_DIR' => '\\xampp\\php'
    'PHPRC' => '\\xampp\\php'
    'TMP' => '\\xampp\\tmp'
    'HTTP_HOST' => 'www.weike.com'
    'HTTP_CONNECTION' => 'keep-alive'
    'HTTP_ACCEPT' => 'text/html,application/xhtml+xml,application/xml;q=0.9,image/webp,*/*;q=0.8'
    'HTTP_USER_AGENT' => 'Mozilla/5.0 (Windows NT 6.1) AppleWebKit/537.36 (KHTML, like Gecko) Chrome/39.0.2171.65 Safari/537.36'
    'HTTP_REFERER' => 'http://www.weike.com/backend/web/'
    'HTTP_ACCEPT_ENCODING' => 'gzip, deflate, sdch'
    'HTTP_ACCEPT_LANGUAGE' => 'zh-CN,zh;q=0.8'
    'HTTP_COOKIE' => '_csrf=a3c6834d7eec6de4948b6c9aed2e2eeb86e8372a173d0c9b859cf9cf6f9bdc93s%3A32%3A%22dTMi1P-BRq_0xY9f9jJXBK0iLsmrdps7%22%3B'
    'PATH' => 'C:\\ProgramData\\Oracle\\Java\\javapath;C:\\Program Files\\NVIDIA Corporation\\PhysX\\Common;C:\\Windows\\system32;C:\\Windows;C:\\Windows\\System32\\Wbem;C:\\Windows\\System32\\WindowsPowerShell\\v1.0\\;C:\\Program Files\\ATI Technologies\\ATI.ACE\\Core-Static;D:\\php\\Linux\\SVN瀹㈡风\\svn\\bin;%J;VA_HOME%\\bin;C:\\Program Files\\Java\\jdk1.8.0_25\\jre\\bin;D:\\php\\Linux\\git\\TG\\bin'
    'SystemRoot' => 'C:\\Windows'
    'COMSPEC' => 'C:\\Windows\\system32\\cmd.exe'
    'PATHEXT' => '.COM;.EXE;.BAT;.CMD;.VBS;.VBE;.JS;.JSE;.WSF;.WSH;.MSC'
    'WINDIR' => 'C:\\Windows'
    'SERVER_SIGNATURE' => '<address>Apache/2.4.10 (Win32) OpenSSL/1.0.1i PHP/5.6.3 Server at www.weike.com Port 80</address>
'
    'SERVER_SOFTWARE' => 'Apache/2.4.10 (Win32) OpenSSL/1.0.1i PHP/5.6.3'
    'SERVER_NAME' => 'www.weike.com'
    'SERVER_ADDR' => '127.0.0.1'
    'SERVER_PORT' => '80'
    'REMOTE_ADDR' => '127.0.0.1'
    'DOCUMENT_ROOT' => 'D:/web/weike/advanced'
    'REQUEST_SCHEME' => 'http'
    'CONTEXT_PREFIX' => ''
    'CONTEXT_DOCUMENT_ROOT' => 'D:/web/weike/advanced'
    'SERVER_ADMIN' => 'postmaster@localhost'
    'SCRIPT_FILENAME' => 'D:/web/weike/advanced/backend/web/index.php'
    'REMOTE_PORT' => '50035'
    'GATEWAY_INTERFACE' => 'CGI/1.1'
    'SERVER_PROTOCOL' => 'HTTP/1.1'
    'REQUEST_METHOD' => 'GET'
    'QUERY_STRING' => 'r=task/industry'
    'REQUEST_URI' => '/backend/web/index.php?r=task/industry'
    'SCRIPT_NAME' => '/backend/web/index.php'
    'PHP_SELF' => '/backend/web/index.php'
    'REQUEST_TIME_FLOAT' => 1419034161.61
    'REQUEST_TIME' => 1419034161
]
2014-12-20 01:09:22 [127.0.0.1][-][-][error][yii\base\ErrorException:64] exception 'yii\base\ErrorException' with message 'Cannot redeclare backend\controllers\TaskController::actionSkilledit()' in D:\web\weike\advanced\backend\controllers\TaskController.php:72
Stack trace:
#0 [internal function]: yii\base\ErrorHandler->handleFatalError()
#1 {main}
2014-12-20 01:09:22 [127.0.0.1][-][-][info][application] $_GET = [
    'r' => 'task/skill'
]

$_COOKIE = [
    '_csrf' => 'a3c6834d7eec6de4948b6c9aed2e2eeb86e8372a173d0c9b859cf9cf6f9bdc93s:32:\"dTMi1P-BRq_0xY9f9jJXBK0iLsmrdps7\";'
]

$_SERVER = [
    'MIBDIRS' => 'D:/web/WAMP/php/extras/mibs'
    'MYSQL_HOME' => '\\xampp\\mysql\\bin'
    'OPENSSL_CONF' => 'D:/web/WAMP/apache/bin/openssl.cnf'
    'PHP_PEAR_SYSCONF_DIR' => '\\xampp\\php'
    'PHPRC' => '\\xampp\\php'
    'TMP' => '\\xampp\\tmp'
    'HTTP_HOST' => 'www.weike.com'
    'HTTP_CONNECTION' => 'keep-alive'
    'HTTP_ACCEPT' => 'text/html,application/xhtml+xml,application/xml;q=0.9,image/webp,*/*;q=0.8'
    'HTTP_USER_AGENT' => 'Mozilla/5.0 (Windows NT 6.1) AppleWebKit/537.36 (KHTML, like Gecko) Chrome/39.0.2171.65 Safari/537.36'
    'HTTP_REFERER' => 'http://www.weike.com/backend/web/'
    'HTTP_ACCEPT_ENCODING' => 'gzip, deflate, sdch'
    'HTTP_ACCEPT_LANGUAGE' => 'zh-CN,zh;q=0.8'
    'HTTP_COOKIE' => '_csrf=a3c6834d7eec6de4948b6c9aed2e2eeb86e8372a173d0c9b859cf9cf6f9bdc93s%3A32%3A%22dTMi1P-BRq_0xY9f9jJXBK0iLsmrdps7%22%3B'
    'PATH' => 'C:\\ProgramData\\Oracle\\Java\\javapath;C:\\Program Files\\NVIDIA Corporation\\PhysX\\Common;C:\\Windows\\system32;C:\\Windows;C:\\Windows\\System32\\Wbem;C:\\Windows\\System32\\WindowsPowerShell\\v1.0\\;C:\\Program Files\\ATI Technologies\\ATI.ACE\\Core-Static;D:\\php\\Linux\\SVN瀹㈡风\\svn\\bin;%J;VA_HOME%\\bin;C:\\Program Files\\Java\\jdk1.8.0_25\\jre\\bin;D:\\php\\Linux\\git\\TG\\bin'
    'SystemRoot' => 'C:\\Windows'
    'COMSPEC' => 'C:\\Windows\\system32\\cmd.exe'
    'PATHEXT' => '.COM;.EXE;.BAT;.CMD;.VBS;.VBE;.JS;.JSE;.WSF;.WSH;.MSC'
    'WINDIR' => 'C:\\Windows'
    'SERVER_SIGNATURE' => '<address>Apache/2.4.10 (Win32) OpenSSL/1.0.1i PHP/5.6.3 Server at www.weike.com Port 80</address>
'
    'SERVER_SOFTWARE' => 'Apache/2.4.10 (Win32) OpenSSL/1.0.1i PHP/5.6.3'
    'SERVER_NAME' => 'www.weike.com'
    'SERVER_ADDR' => '127.0.0.1'
    'SERVER_PORT' => '80'
    'REMOTE_ADDR' => '127.0.0.1'
    'DOCUMENT_ROOT' => 'D:/web/weike/advanced'
    'REQUEST_SCHEME' => 'http'
    'CONTEXT_PREFIX' => ''
    'CONTEXT_DOCUMENT_ROOT' => 'D:/web/weike/advanced'
    'SERVER_ADMIN' => 'postmaster@localhost'
    'SCRIPT_FILENAME' => 'D:/web/weike/advanced/backend/web/index.php'
    'REMOTE_PORT' => '50036'
    'GATEWAY_INTERFACE' => 'CGI/1.1'
    'SERVER_PROTOCOL' => 'HTTP/1.1'
    'REQUEST_METHOD' => 'GET'
    'QUERY_STRING' => 'r=task/skill'
    'REQUEST_URI' => '/backend/web/index.php?r=task/skill'
    'SCRIPT_NAME' => '/backend/web/index.php'
    'PHP_SELF' => '/backend/web/index.php'
    'REQUEST_TIME_FLOAT' => 1419034162.021
    'REQUEST_TIME' => 1419034162
]
2014-12-20 01:09:22 [127.0.0.1][-][-][error][yii\base\ErrorException:64] exception 'yii\base\ErrorException' with message 'Cannot redeclare backend\controllers\TaskController::actionSkilledit()' in D:\web\weike\advanced\backend\controllers\TaskController.php:72
Stack trace:
#0 [internal function]: yii\base\ErrorHandler->handleFatalError()
#1 {main}
2014-12-20 01:09:22 [127.0.0.1][-][-][info][application] $_GET = [
    'r' => 'task/skill'
]

$_COOKIE = [
    '_csrf' => 'a3c6834d7eec6de4948b6c9aed2e2eeb86e8372a173d0c9b859cf9cf6f9bdc93s:32:\"dTMi1P-BRq_0xY9f9jJXBK0iLsmrdps7\";'
]

$_SERVER = [
    'MIBDIRS' => 'D:/web/WAMP/php/extras/mibs'
    'MYSQL_HOME' => '\\xampp\\mysql\\bin'
    'OPENSSL_CONF' => 'D:/web/WAMP/apache/bin/openssl.cnf'
    'PHP_PEAR_SYSCONF_DIR' => '\\xampp\\php'
    'PHPRC' => '\\xampp\\php'
    'TMP' => '\\xampp\\tmp'
    'HTTP_HOST' => 'www.weike.com'
    'HTTP_CONNECTION' => 'keep-alive'
    'HTTP_ACCEPT' => 'text/html,application/xhtml+xml,application/xml;q=0.9,image/webp,*/*;q=0.8'
    'HTTP_USER_AGENT' => 'Mozilla/5.0 (Windows NT 6.1) AppleWebKit/537.36 (KHTML, like Gecko) Chrome/39.0.2171.65 Safari/537.36'
    'HTTP_REFERER' => 'http://www.weike.com/backend/web/'
    'HTTP_ACCEPT_ENCODING' => 'gzip, deflate, sdch'
    'HTTP_ACCEPT_LANGUAGE' => 'zh-CN,zh;q=0.8'
    'HTTP_COOKIE' => '_csrf=a3c6834d7eec6de4948b6c9aed2e2eeb86e8372a173d0c9b859cf9cf6f9bdc93s%3A32%3A%22dTMi1P-BRq_0xY9f9jJXBK0iLsmrdps7%22%3B'
    'PATH' => 'C:\\ProgramData\\Oracle\\Java\\javapath;C:\\Program Files\\NVIDIA Corporation\\PhysX\\Common;C:\\Windows\\system32;C:\\Windows;C:\\Windows\\System32\\Wbem;C:\\Windows\\System32\\WindowsPowerShell\\v1.0\\;C:\\Program Files\\ATI Technologies\\ATI.ACE\\Core-Static;D:\\php\\Linux\\SVN瀹㈡风\\svn\\bin;%J;VA_HOME%\\bin;C:\\Program Files\\Java\\jdk1.8.0_25\\jre\\bin;D:\\php\\Linux\\git\\TG\\bin'
    'SystemRoot' => 'C:\\Windows'
    'COMSPEC' => 'C:\\Windows\\system32\\cmd.exe'
    'PATHEXT' => '.COM;.EXE;.BAT;.CMD;.VBS;.VBE;.JS;.JSE;.WSF;.WSH;.MSC'
    'WINDIR' => 'C:\\Windows'
    'SERVER_SIGNATURE' => '<address>Apache/2.4.10 (Win32) OpenSSL/1.0.1i PHP/5.6.3 Server at www.weike.com Port 80</address>
'
    'SERVER_SOFTWARE' => 'Apache/2.4.10 (Win32) OpenSSL/1.0.1i PHP/5.6.3'
    'SERVER_NAME' => 'www.weike.com'
    'SERVER_ADDR' => '127.0.0.1'
    'SERVER_PORT' => '80'
    'REMOTE_ADDR' => '127.0.0.1'
    'DOCUMENT_ROOT' => 'D:/web/weike/advanced'
    'REQUEST_SCHEME' => 'http'
    'CONTEXT_PREFIX' => ''
    'CONTEXT_DOCUMENT_ROOT' => 'D:/web/weike/advanced'
    'SERVER_ADMIN' => 'postmaster@localhost'
    'SCRIPT_FILENAME' => 'D:/web/weike/advanced/backend/web/index.php'
    'REMOTE_PORT' => '50038'
    'GATEWAY_INTERFACE' => 'CGI/1.1'
    'SERVER_PROTOCOL' => 'HTTP/1.1'
    'REQUEST_METHOD' => 'GET'
    'QUERY_STRING' => 'r=task/skill'
    'REQUEST_URI' => '/backend/web/index.php?r=task/skill'
    'SCRIPT_NAME' => '/backend/web/index.php'
    'PHP_SELF' => '/backend/web/index.php'
    'REQUEST_TIME_FLOAT' => 1419034162.957
    'REQUEST_TIME' => 1419034162
]
2014-12-20 02:27:05 [127.0.0.1][-][-][error][yii\base\InvalidParamException] exception 'yii\base\UnknownMethodException' with message 'Calling unknown method: app\models\Skill::BELONGS_TO()' in D:\web\weike\advanced\vendor\yiisoft\yii2\base\Component.php:282
Stack trace:
#0 D:\web\weike\advanced\backend\models\Skill.php(56): yii\base\Component->__call('BELONGS_TO', Array)
#1 D:\web\weike\advanced\backend\models\Skill.php(56): app\models\Skill->BELONGS_TO('app\\models\\Indu...', Array)
#2 D:\web\weike\advanced\vendor\yiisoft\yii2\db\BaseActiveRecord.php(1101): app\models\Skill->getJoin()
#3 D:\web\weike\advanced\vendor\yiisoft\yii2\db\ActiveQuery.php(457): yii\db\BaseActiveRecord->getRelation('join')
#4 D:\web\weike\advanced\vendor\yiisoft\yii2\db\ActiveQuery.php(372): yii\db\ActiveQuery->joinWithRelations(Object(app\models\Skill), Array, 'LEFT JOIN')
#5 D:\web\weike\advanced\vendor\yiisoft\yii2\db\ActiveQuery.php(143): yii\db\ActiveQuery->buildJoinWith()
#6 D:\web\weike\advanced\vendor\yiisoft\yii2\db\QueryBuilder.php(88): yii\db\ActiveQuery->prepare(Object(yii\db\mysql\QueryBuilder))
#7 D:\web\weike\advanced\vendor\yiisoft\yii2\db\ActiveQuery.php(309): yii\db\QueryBuilder->build(Object(yii\db\ActiveQuery))
#8 D:\web\weike\advanced\vendor\yiisoft\yii2\db\Query.php(206): yii\db\ActiveQuery->createCommand(NULL)
#9 D:\web\weike\advanced\vendor\yiisoft\yii2\db\ActiveQuery.php(130): yii\db\Query->all(NULL)
#10 D:\web\weike\advanced\backend\controllers\TaskController.php(42): yii\db\ActiveQuery->all()
#11 [internal function]: backend\controllers\TaskController->actionSkill()
#12 D:\web\weike\advanced\vendor\yiisoft\yii2\base\InlineAction.php(55): call_user_func_array(Array, Array)
#13 D:\web\weike\advanced\vendor\yiisoft\yii2\base\Controller.php(151): yii\base\InlineAction->runWithParams(Array)
#14 D:\web\weike\advanced\vendor\yiisoft\yii2\base\Module.php(455): yii\base\Controller->runAction('skill', Array)
#15 D:\web\weike\advanced\vendor\yiisoft\yii2\web\Application.php(83): yii\base\Module->runAction('task/skill', Array)
#16 D:\web\weike\advanced\vendor\yiisoft\yii2\base\Application.php(375): yii\web\Application->handleRequest(Object(yii\web\Request))
#17 D:\web\weike\advanced\backend\web\index.php(18): yii\base\Application->run()
#18 {main}

Next exception 'yii\base\InvalidParamException' with message 'app\models\Skill has no relation named "join".' in D:\web\weike\advanced\vendor\yiisoft\yii2\db\BaseActiveRecord.php:1104
Stack trace:
#0 D:\web\weike\advanced\vendor\yiisoft\yii2\db\ActiveQuery.php(457): yii\db\BaseActiveRecord->getRelation('join')
#1 D:\web\weike\advanced\vendor\yiisoft\yii2\db\ActiveQuery.php(372): yii\db\ActiveQuery->joinWithRelations(Object(app\models\Skill), Array, 'LEFT JOIN')
#2 D:\web\weike\advanced\vendor\yiisoft\yii2\db\ActiveQuery.php(143): yii\db\ActiveQuery->buildJoinWith()
#3 D:\web\weike\advanced\vendor\yiisoft\yii2\db\QueryBuilder.php(88): yii\db\ActiveQuery->prepare(Object(yii\db\mysql\QueryBuilder))
#4 D:\web\weike\advanced\vendor\yiisoft\yii2\db\ActiveQuery.php(309): yii\db\QueryBuilder->build(Object(yii\db\ActiveQuery))
#5 D:\web\weike\advanced\vendor\yiisoft\yii2\db\Query.php(206): yii\db\ActiveQuery->createCommand(NULL)
#6 D:\web\weike\advanced\vendor\yiisoft\yii2\db\ActiveQuery.php(130): yii\db\Query->all(NULL)
#7 D:\web\weike\advanced\backend\controllers\TaskController.php(42): yii\db\ActiveQuery->all()
#8 [internal function]: backend\controllers\TaskController->actionSkill()
#9 D:\web\weike\advanced\vendor\yiisoft\yii2\base\InlineAction.php(55): call_user_func_array(Array, Array)
#10 D:\web\weike\advanced\vendor\yiisoft\yii2\base\Controller.php(151): yii\base\InlineAction->runWithParams(Array)
#11 D:\web\weike\advanced\vendor\yiisoft\yii2\base\Module.php(455): yii\base\Controller->runAction('skill', Array)
#12 D:\web\weike\advanced\vendor\yiisoft\yii2\web\Application.php(83): yii\base\Module->runAction('task/skill', Array)
#13 D:\web\weike\advanced\vendor\yiisoft\yii2\base\Application.php(375): yii\web\Application->handleRequest(Object(yii\web\Request))
#14 D:\web\weike\advanced\backend\web\index.php(18): yii\base\Application->run()
#15 {main}
2014-12-20 02:27:05 [127.0.0.1][-][-][info][application] $_GET = [
    'r' => 'task/skill'
]

$_SERVER = [
    'MIBDIRS' => 'D:/web/WAMP/php/extras/mibs'
    'MYSQL_HOME' => '\\xampp\\mysql\\bin'
    'OPENSSL_CONF' => 'D:/web/WAMP/apache/bin/openssl.cnf'
    'PHP_PEAR_SYSCONF_DIR' => '\\xampp\\php'
    'PHPRC' => '\\xampp\\php'
    'TMP' => '\\xampp\\tmp'
    'HTTP_HOST' => 'www.weike.com'
    'HTTP_CONNECTION' => 'keep-alive'
    'HTTP_ACCEPT' => 'text/html,application/xhtml+xml,application/xml;q=0.9,image/webp,*/*;q=0.8'
    'HTTP_USER_AGENT' => 'Mozilla/5.0 (Windows NT 6.1) AppleWebKit/537.36 (KHTML, like Gecko) Chrome/39.0.2171.65 Safari/537.36'
    'HTTP_REFERER' => 'http://www.weike.com/backend/web/'
    'HTTP_ACCEPT_ENCODING' => 'gzip, deflate, sdch'
    'HTTP_ACCEPT_LANGUAGE' => 'zh-CN,zh;q=0.8'
    'PATH' => 'C:\\ProgramData\\Oracle\\Java\\javapath;C:\\Program Files\\NVIDIA Corporation\\PhysX\\Common;C:\\Windows\\system32;C:\\Windows;C:\\Windows\\System32\\Wbem;C:\\Windows\\System32\\WindowsPowerShell\\v1.0\\;C:\\Program Files\\ATI Technologies\\ATI.ACE\\Core-Static;D:\\php\\Linux\\SVN瀹㈡风\\svn\\bin;%J;VA_HOME%\\bin;C:\\Program Files\\Java\\jdk1.8.0_25\\jre\\bin;D:\\php\\Linux\\git\\TG\\bin'
    'SystemRoot' => 'C:\\Windows'
    'COMSPEC' => 'C:\\Windows\\system32\\cmd.exe'
    'PATHEXT' => '.COM;.EXE;.BAT;.CMD;.VBS;.VBE;.JS;.JSE;.WSF;.WSH;.MSC'
    'WINDIR' => 'C:\\Windows'
    'SERVER_SIGNATURE' => '<address>Apache/2.4.10 (Win32) OpenSSL/1.0.1i PHP/5.6.3 Server at www.weike.com Port 80</address>
'
    'SERVER_SOFTWARE' => 'Apache/2.4.10 (Win32) OpenSSL/1.0.1i PHP/5.6.3'
    'SERVER_NAME' => 'www.weike.com'
    'SERVER_ADDR' => '127.0.0.1'
    'SERVER_PORT' => '80'
    'REMOTE_ADDR' => '127.0.0.1'
    'DOCUMENT_ROOT' => 'D:/web/weike/advanced'
    'REQUEST_SCHEME' => 'http'
    'CONTEXT_PREFIX' => ''
    'CONTEXT_DOCUMENT_ROOT' => 'D:/web/weike/advanced'
    'SERVER_ADMIN' => 'postmaster@localhost'
    'SCRIPT_FILENAME' => 'D:/web/weike/advanced/backend/web/index.php'
    'REMOTE_PORT' => '51438'
    'GATEWAY_INTERFACE' => 'CGI/1.1'
    'SERVER_PROTOCOL' => 'HTTP/1.1'
    'REQUEST_METHOD' => 'GET'
    'QUERY_STRING' => 'r=task/skill'
    'REQUEST_URI' => '/backend/web/index.php?r=task/skill'
    'SCRIPT_NAME' => '/backend/web/index.php'
    'PHP_SELF' => '/backend/web/index.php'
    'REQUEST_TIME_FLOAT' => 1419038825.723
    'REQUEST_TIME' => 1419038825
]
2014-12-20 02:53:21 [127.0.0.1][-][-][error][yii\base\InvalidParamException] exception 'yii\base\UnknownMethodException' with message 'Calling unknown method: app\models\Skill::BELONGS_TO()' in D:\web\weike\advanced\vendor\yiisoft\yii2\base\Component.php:282
Stack trace:
#0 D:\web\weike\advanced\backend\models\Skill.php(56): yii\base\Component->__call('BELONGS_TO', Array)
#1 D:\web\weike\advanced\backend\models\Skill.php(56): app\models\Skill->BELONGS_TO('app\\models\\Indu...', Array)
#2 D:\web\weike\advanced\vendor\yiisoft\yii2\db\BaseActiveRecord.php(1101): app\models\Skill->getJoin()
#3 D:\web\weike\advanced\vendor\yiisoft\yii2\db\ActiveQuery.php(457): yii\db\BaseActiveRecord->getRelation('join')
#4 D:\web\weike\advanced\vendor\yiisoft\yii2\db\ActiveQuery.php(372): yii\db\ActiveQuery->joinWithRelations(Object(app\models\Skill), Array, 'LEFT JOIN')
#5 D:\web\weike\advanced\vendor\yiisoft\yii2\db\ActiveQuery.php(143): yii\db\ActiveQuery->buildJoinWith()
#6 D:\web\weike\advanced\vendor\yiisoft\yii2\db\QueryBuilder.php(88): yii\db\ActiveQuery->prepare(Object(yii\db\mysql\QueryBuilder))
#7 D:\web\weike\advanced\vendor\yiisoft\yii2\db\ActiveQuery.php(309): yii\db\QueryBuilder->build(Object(yii\db\ActiveQuery))
#8 D:\web\weike\advanced\vendor\yiisoft\yii2\db\Query.php(206): yii\db\ActiveQuery->createCommand(NULL)
#9 D:\web\weike\advanced\vendor\yiisoft\yii2\db\ActiveQuery.php(130): yii\db\Query->all(NULL)
#10 D:\web\weike\advanced\backend\controllers\TaskController.php(42): yii\db\ActiveQuery->all()
#11 [internal function]: backend\controllers\TaskController->actionSkill()
#12 D:\web\weike\advanced\vendor\yiisoft\yii2\base\InlineAction.php(55): call_user_func_array(Array, Array)
#13 D:\web\weike\advanced\vendor\yiisoft\yii2\base\Controller.php(151): yii\base\InlineAction->runWithParams(Array)
#14 D:\web\weike\advanced\vendor\yiisoft\yii2\base\Module.php(455): yii\base\Controller->runAction('skill', Array)
#15 D:\web\weike\advanced\vendor\yiisoft\yii2\web\Application.php(83): yii\base\Module->runAction('task/skill', Array)
#16 D:\web\weike\advanced\vendor\yiisoft\yii2\base\Application.php(375): yii\web\Application->handleRequest(Object(yii\web\Request))
#17 D:\web\weike\advanced\backend\web\index.php(18): yii\base\Application->run()
#18 {main}

Next exception 'yii\base\InvalidParamException' with message 'app\models\Skill has no relation named "join".' in D:\web\weike\advanced\vendor\yiisoft\yii2\db\BaseActiveRecord.php:1104
Stack trace:
#0 D:\web\weike\advanced\vendor\yiisoft\yii2\db\ActiveQuery.php(457): yii\db\BaseActiveRecord->getRelation('join')
#1 D:\web\weike\advanced\vendor\yiisoft\yii2\db\ActiveQuery.php(372): yii\db\ActiveQuery->joinWithRelations(Object(app\models\Skill), Array, 'LEFT JOIN')
#2 D:\web\weike\advanced\vendor\yiisoft\yii2\db\ActiveQuery.php(143): yii\db\ActiveQuery->buildJoinWith()
#3 D:\web\weike\advanced\vendor\yiisoft\yii2\db\QueryBuilder.php(88): yii\db\ActiveQuery->prepare(Object(yii\db\mysql\QueryBuilder))
#4 D:\web\weike\advanced\vendor\yiisoft\yii2\db\ActiveQuery.php(309): yii\db\QueryBuilder->build(Object(yii\db\ActiveQuery))
#5 D:\web\weike\advanced\vendor\yiisoft\yii2\db\Query.php(206): yii\db\ActiveQuery->createCommand(NULL)
#6 D:\web\weike\advanced\vendor\yiisoft\yii2\db\ActiveQuery.php(130): yii\db\Query->all(NULL)
#7 D:\web\weike\advanced\backend\controllers\TaskController.php(42): yii\db\ActiveQuery->all()
#8 [internal function]: backend\controllers\TaskController->actionSkill()
#9 D:\web\weike\advanced\vendor\yiisoft\yii2\base\InlineAction.php(55): call_user_func_array(Array, Array)
#10 D:\web\weike\advanced\vendor\yiisoft\yii2\base\Controller.php(151): yii\base\InlineAction->runWithParams(Array)
#11 D:\web\weike\advanced\vendor\yiisoft\yii2\base\Module.php(455): yii\base\Controller->runAction('skill', Array)
#12 D:\web\weike\advanced\vendor\yiisoft\yii2\web\Application.php(83): yii\base\Module->runAction('task/skill', Array)
#13 D:\web\weike\advanced\vendor\yiisoft\yii2\base\Application.php(375): yii\web\Application->handleRequest(Object(yii\web\Request))
#14 D:\web\weike\advanced\backend\web\index.php(18): yii\base\Application->run()
#15 {main}
2014-12-20 02:53:21 [127.0.0.1][-][-][info][application] $_GET = [
    'r' => 'task/skill'
]

$_SERVER = [
    'MIBDIRS' => 'D:/web/WAMP/php/extras/mibs'
    'MYSQL_HOME' => '\\xampp\\mysql\\bin'
    'OPENSSL_CONF' => 'D:/web/WAMP/apache/bin/openssl.cnf'
    'PHP_PEAR_SYSCONF_DIR' => '\\xampp\\php'
    'PHPRC' => '\\xampp\\php'
    'TMP' => '\\xampp\\tmp'
    'HTTP_HOST' => 'www.weike.com'
    'HTTP_CONNECTION' => 'keep-alive'
    'HTTP_ACCEPT' => 'text/html,application/xhtml+xml,application/xml;q=0.9,image/webp,*/*;q=0.8'
    'HTTP_USER_AGENT' => 'Mozilla/5.0 (Windows NT 6.1) AppleWebKit/537.36 (KHTML, like Gecko) Chrome/39.0.2171.65 Safari/537.36'
    'HTTP_REFERER' => 'http://www.weike.com/backend/web/'
    'HTTP_ACCEPT_ENCODING' => 'gzip, deflate, sdch'
    'HTTP_ACCEPT_LANGUAGE' => 'zh-CN,zh;q=0.8'
    'PATH' => 'C:\\ProgramData\\Oracle\\Java\\javapath;C:\\Program Files\\NVIDIA Corporation\\PhysX\\Common;C:\\Windows\\system32;C:\\Windows;C:\\Windows\\System32\\Wbem;C:\\Windows\\System32\\WindowsPowerShell\\v1.0\\;C:\\Program Files\\ATI Technologies\\ATI.ACE\\Core-Static;D:\\php\\Linux\\SVN瀹㈡风\\svn\\bin;%J;VA_HOME%\\bin;C:\\Program Files\\Java\\jdk1.8.0_25\\jre\\bin;D:\\php\\Linux\\git\\TG\\bin'
    'SystemRoot' => 'C:\\Windows'
    'COMSPEC' => 'C:\\Windows\\system32\\cmd.exe'
    'PATHEXT' => '.COM;.EXE;.BAT;.CMD;.VBS;.VBE;.JS;.JSE;.WSF;.WSH;.MSC'
    'WINDIR' => 'C:\\Windows'
    'SERVER_SIGNATURE' => '<address>Apache/2.4.10 (Win32) OpenSSL/1.0.1i PHP/5.6.3 Server at www.weike.com Port 80</address>
'
    'SERVER_SOFTWARE' => 'Apache/2.4.10 (Win32) OpenSSL/1.0.1i PHP/5.6.3'
    'SERVER_NAME' => 'www.weike.com'
    'SERVER_ADDR' => '127.0.0.1'
    'SERVER_PORT' => '80'
    'REMOTE_ADDR' => '127.0.0.1'
    'DOCUMENT_ROOT' => 'D:/web/weike/advanced'
    'REQUEST_SCHEME' => 'http'
    'CONTEXT_PREFIX' => ''
    'CONTEXT_DOCUMENT_ROOT' => 'D:/web/weike/advanced'
    'SERVER_ADMIN' => 'postmaster@localhost'
    'SCRIPT_FILENAME' => 'D:/web/weike/advanced/backend/web/index.php'
    'REMOTE_PORT' => '51604'
    'GATEWAY_INTERFACE' => 'CGI/1.1'
    'SERVER_PROTOCOL' => 'HTTP/1.1'
    'REQUEST_METHOD' => 'GET'
    'QUERY_STRING' => 'r=task/skill'
    'REQUEST_URI' => '/backend/web/index.php?r=task/skill'
    'SCRIPT_NAME' => '/backend/web/index.php'
    'PHP_SELF' => '/backend/web/index.php'
    'REQUEST_TIME_FLOAT' => 1419040401.469
    'REQUEST_TIME' => 1419040401
]
